
2024/04/10 (19:39:18) | ===> btop++ v.1.3.2
2024/04/10 (19:39:18) | WARNING: NVML: Failed to get maximum GPU power draw, defaulting to 225W: Not Supported
2024/04/10 (19:39:18) | WARNING: NVML: Failed to get GPU power usage: Not Supported

2024/04/29 (07:40:24) | ===> btop++ v.1.3.2
2024/04/29 (07:40:24) | WARNING: NVML: Failed to get maximum GPU power draw, defaulting to 225W: Not Supported
2024/04/29 (07:40:24) | WARNING: NVML: Failed to get GPU power usage: Not Supported

2024/04/29 (07:41:12) | ===> btop++ v.1.3.2
2024/04/29 (07:41:12) | WARNING: NVML: Failed to get maximum GPU power draw, defaulting to 225W: Not Supported
2024/04/29 (07:41:12) | WARNING: NVML: Failed to get GPU power usage: Not Supported

2024/05/06 (10:11:36) | ===> btop++ v.1.3.2
2024/05/06 (10:11:36) | WARNING: NVML: Failed to get maximum GPU power draw, defaulting to 225W: Not Supported
2024/05/06 (10:11:36) | WARNING: NVML: Failed to get GPU power usage: Not Supported

2024/05/17 (21:56:54) | ===> btop++ v.1.3.2
2024/05/17 (21:56:54) | WARNING: NVML: Failed to get maximum GPU power draw, defaulting to 225W: Not Supported
2024/05/17 (21:56:54) | WARNING: NVML: Failed to get GPU power usage: Not Supported
2024/05/17 (22:38:57) | ERROR: Stall in Runner thread, restarting!

2024/05/18 (01:12:42) | ===> btop++ v.1.3.2
2024/05/18 (01:12:42) | WARNING: NVML: Failed to get maximum GPU power draw, defaulting to 225W: Not Supported
2024/05/18 (01:12:42) | WARNING: NVML: Failed to get GPU power usage: Not Supported

2024/05/22 (20:47:32) | ===> btop++ v.1.3.2
2024/05/22 (20:47:32) | WARNING: NVML: Failed to get maximum GPU power draw, defaulting to 225W: Not Supported
2024/05/22 (20:47:32) | WARNING: NVML: Failed to get GPU power usage: Not Supported

2024/05/22 (21:00:35) | ===> btop++ v.1.3.2
2024/05/22 (21:00:35) | WARNING: NVML: Failed to get maximum GPU power draw, defaulting to 225W: Not Supported
2024/05/22 (21:00:35) | WARNING: NVML: Failed to get GPU power usage: Not Supported

2024/05/22 (21:51:46) | ===> btop++ v.1.3.2
2024/05/22 (21:51:46) | WARNING: NVML: Failed to get maximum GPU power draw, defaulting to 225W: Not Supported
2024/05/22 (21:51:46) | WARNING: NVML: Failed to get GPU power usage: Not Supported

2024/05/22 (21:52:09) | ===> btop++ v.1.3.2
2024/05/22 (21:52:09) | WARNING: NVML: Failed to get maximum GPU power draw, defaulting to 225W: Not Supported
2024/05/22 (21:52:09) | WARNING: NVML: Failed to get GPU power usage: Not Supported

2024/05/30 (09:43:20) | ===> btop++ v.1.3.2
2024/05/30 (09:43:20) | WARNING: NVML: Failed to get maximum GPU power draw, defaulting to 225W: Not Supported
2024/05/30 (09:43:20) | WARNING: NVML: Failed to get GPU power usage: Not Supported

2024/05/30 (09:49:39) | ===> btop++ v.1.3.2
2024/05/30 (09:49:39) | WARNING: NVML: Failed to get maximum GPU power draw, defaulting to 225W: Not Supported
2024/05/30 (09:49:39) | WARNING: NVML: Failed to get GPU power usage: Not Supported

2024/06/08 (00:45:33) | ===> btop++ v.1.3.2
2024/06/08 (00:45:33) | WARNING: NVML: Failed to get maximum GPU power draw, defaulting to 225W: Not Supported
2024/06/08 (00:45:33) | WARNING: NVML: Failed to get GPU power usage: Not Supported

2024/06/08 (00:51:28) | ===> btop++ v.1.3.2
2024/06/08 (00:51:28) | WARNING: NVML: Failed to get maximum GPU power draw, defaulting to 225W: Not Supported
2024/06/08 (00:51:28) | WARNING: NVML: Failed to get GPU power usage: Not Supported

2024/06/11 (17:39:02) | ===> btop++ v.1.3.2
2024/06/11 (17:39:02) | WARNING: NVML: Failed to get maximum GPU power draw, defaulting to 225W: Not Supported
2024/06/11 (17:39:02) | WARNING: NVML: Failed to get GPU power usage: Not Supported

2024/06/11 (22:15:57) | ===> btop++ v.1.3.2
2024/06/11 (22:15:57) | WARNING: NVML: Failed to get maximum GPU power draw, defaulting to 225W: Not Supported
2024/06/11 (22:15:57) | WARNING: NVML: Failed to get GPU power usage: Not Supported

2024/06/18 (23:01:21) | ===> btop++ v.1.3.2
2024/06/18 (23:01:21) | WARNING: NVML: Failed to get maximum GPU power draw, defaulting to 225W: Not Supported
2024/06/18 (23:01:21) | WARNING: NVML: Failed to get GPU power usage: Not Supported

2024/06/19 (20:31:28) | ===> btop++ v.1.3.2
2024/06/19 (20:31:28) | WARNING: NVML: Failed to get maximum GPU power draw, defaulting to 225W: Not Supported
2024/06/19 (20:31:28) | WARNING: NVML: Failed to get GPU power usage: Not Supported

2024/06/20 (22:29:59) | ===> btop++ v.1.3.2
2024/06/20 (22:29:59) | WARNING: NVML: Failed to get maximum GPU power draw, defaulting to 225W: Not Supported
2024/06/20 (22:29:59) | WARNING: NVML: Failed to get GPU power usage: Not Supported

2024/06/21 (11:12:03) | ===> btop++ v.1.3.2
2024/06/21 (11:12:03) | WARNING: NVML: Failed to get maximum GPU power draw, defaulting to 225W: Not Supported
2024/06/21 (11:12:03) | WARNING: NVML: Failed to get GPU power usage: Not Supported

2024/06/21 (21:46:39) | ===> btop++ v.1.3.2
2024/06/21 (21:46:39) | WARNING: NVML: Failed to get maximum GPU power draw, defaulting to 225W: Not Supported
2024/06/21 (21:46:39) | WARNING: NVML: Failed to get GPU power usage: Not Supported

2024/06/21 (21:47:41) | ===> btop++ v.1.3.2
2024/06/21 (21:47:41) | WARNING: NVML: Failed to get maximum GPU power draw, defaulting to 225W: Not Supported
2024/06/21 (21:47:41) | WARNING: NVML: Failed to get GPU power usage: Not Supported

2024/06/21 (21:47:54) | ===> btop++ v.1.3.2
2024/06/21 (21:47:54) | WARNING: NVML: Failed to get maximum GPU power draw, defaulting to 225W: Not Supported
2024/06/21 (21:47:54) | WARNING: NVML: Failed to get GPU power usage: Not Supported
2024/06/21 (21:49:08) | INFO: Logger set to INFO
2024/06/21 (21:49:09) | INFO: Logger set to DEBUG
2024/06/21 (21:49:13) | INFO: Logger set to INFO
2024/06/21 (21:49:15) | INFO: Logger set to INFO

2024/06/22 (11:48:25) | ===> btop++ v.1.3.2
2024/06/22 (11:48:25) | WARNING: NVML: Failed to get maximum GPU power draw, defaulting to 225W: Not Supported
2024/06/22 (11:48:25) | WARNING: NVML: Failed to get GPU power usage: Not Supported

2024/06/23 (16:35:26) | ===> btop++ v.1.3.2
2024/06/23 (16:35:26) | WARNING: NVML: Failed to get maximum GPU power draw, defaulting to 225W: Not Supported
2024/06/23 (16:35:26) | WARNING: NVML: Failed to get GPU power usage: Not Supported

2024/06/23 (20:33:40) | ===> btop++ v.1.3.2
2024/06/23 (20:33:40) | WARNING: NVML: Failed to get maximum GPU power draw, defaulting to 225W: Not Supported
2024/06/23 (20:33:40) | WARNING: NVML: Failed to get GPU power usage: Not Supported

2024/06/23 (20:34:16) | ===> btop++ v.1.3.2
2024/06/23 (20:34:16) | WARNING: NVML: Failed to get maximum GPU power draw, defaulting to 225W: Not Supported
2024/06/23 (20:34:16) | WARNING: NVML: Failed to get GPU power usage: Not Supported

2024/06/23 (20:35:45) | ===> btop++ v.1.3.2
2024/06/23 (20:35:45) | WARNING: NVML: Failed to get maximum GPU power draw, defaulting to 225W: Not Supported
2024/06/23 (20:35:45) | WARNING: NVML: Failed to get GPU power usage: Not Supported

2024/06/23 (21:18:33) | ===> btop++ v.1.3.2
2024/06/23 (21:18:33) | WARNING: NVML: Failed to get maximum GPU power draw, defaulting to 225W: Not Supported
2024/06/23 (21:18:33) | WARNING: NVML: Failed to get GPU power usage: Not Supported

2024/06/23 (21:19:45) | ===> btop++ v.1.3.2
2024/06/23 (21:19:45) | WARNING: NVML: Failed to get maximum GPU power draw, defaulting to 225W: Not Supported
2024/06/23 (21:19:45) | WARNING: NVML: Failed to get GPU power usage: Not Supported

2024/06/24 (15:12:44) | ===> btop++ v.1.3.2
2024/06/24 (15:12:44) | WARNING: NVML: Failed to get maximum GPU power draw, defaulting to 225W: Not Supported
2024/06/24 (15:12:44) | WARNING: NVML: Failed to get GPU power usage: Not Supported

2024/06/24 (15:13:07) | ===> btop++ v.1.3.2
2024/06/24 (15:13:07) | WARNING: NVML: Failed to get maximum GPU power draw, defaulting to 225W: Not Supported
2024/06/24 (15:13:07) | WARNING: NVML: Failed to get GPU power usage: Not Supported

2024/06/24 (15:14:21) | ===> btop++ v.1.3.2
2024/06/24 (15:14:21) | WARNING: NVML: Failed to get maximum GPU power draw, defaulting to 225W: Not Supported
2024/06/24 (15:14:21) | WARNING: NVML: Failed to get GPU power usage: Not Supported

2024/06/26 (07:55:59) | ===> btop++ v.1.3.2
2024/06/26 (07:55:59) | WARNING: NVML: Failed to get maximum GPU power draw, defaulting to 225W: Not Supported
2024/06/26 (07:55:59) | WARNING: NVML: Failed to get GPU power usage: Not Supported

2024/06/26 (22:51:06) | ===> btop++ v.1.3.2
2024/06/26 (22:51:06) | WARNING: NVML: Failed to get maximum GPU power draw, defaulting to 225W: Not Supported
2024/06/26 (22:51:06) | WARNING: NVML: Failed to get GPU power usage: Not Supported

2024/06/26 (23:05:12) | ===> btop++ v.1.3.2
2024/06/26 (23:05:12) | WARNING: NVML: Failed to get maximum GPU power draw, defaulting to 225W: Not Supported
2024/06/26 (23:05:12) | WARNING: NVML: Failed to get GPU power usage: Not Supported

2024/06/26 (23:11:17) | ===> btop++ v.1.3.2
2024/06/26 (23:11:17) | WARNING: NVML: Failed to get maximum GPU power draw, defaulting to 225W: Not Supported
2024/06/26 (23:11:17) | WARNING: NVML: Failed to get GPU power usage: Not Supported

2024/06/26 (23:14:02) | ===> btop++ v.1.3.2
2024/06/26 (23:14:02) | WARNING: NVML: Failed to get maximum GPU power draw, defaulting to 225W: Not Supported
2024/06/26 (23:14:02) | WARNING: NVML: Failed to get GPU power usage: Not Supported

2024/07/01 (17:52:51) | ===> btop++ v.1.3.2
2024/07/01 (17:52:51) | WARNING: NVML: Failed to get maximum GPU power draw, defaulting to 225W: Not Supported
2024/07/01 (17:52:51) | WARNING: NVML: Failed to get GPU power usage: Not Supported

2024/07/01 (18:00:13) | ===> btop++ v.1.3.2
2024/07/01 (18:00:13) | WARNING: NVML: Failed to get maximum GPU power draw, defaulting to 225W: Not Supported
2024/07/01 (18:00:13) | WARNING: NVML: Failed to get GPU power usage: Not Supported

2024/07/02 (16:25:56) | ===> btop++ v.1.3.2
2024/07/02 (16:25:56) | WARNING: NVML: Failed to get maximum GPU power draw, defaulting to 225W: Not Supported
2024/07/02 (16:25:56) | WARNING: NVML: Failed to get GPU power usage: Not Supported

2024/07/02 (16:51:34) | ===> btop++ v.1.3.2
2024/07/02 (16:51:34) | WARNING: NVML: Failed to get maximum GPU power draw, defaulting to 225W: Not Supported
2024/07/02 (16:51:34) | WARNING: NVML: Failed to get GPU power usage: Not Supported

2024/07/03 (21:19:57) | ===> btop++ v.1.3.2
2024/07/03 (21:19:57) | WARNING: NVML: Failed to get maximum GPU power draw, defaulting to 225W: Not Supported
2024/07/03 (21:19:57) | WARNING: NVML: Failed to get GPU power usage: Not Supported

2024/07/05 (11:22:26) | ===> btop++ v.1.3.2
2024/07/05 (11:22:26) | WARNING: NVML: Failed to get maximum GPU power draw, defaulting to 225W: Not Supported
2024/07/05 (11:22:26) | WARNING: NVML: Failed to get GPU power usage: Not Supported

2024/07/05 (11:22:44) | ===> btop++ v.1.3.2
2024/07/05 (11:22:44) | WARNING: NVML: Failed to get maximum GPU power draw, defaulting to 225W: Not Supported
2024/07/05 (11:22:44) | WARNING: NVML: Failed to get GPU power usage: Not Supported

2024/07/05 (16:36:14) | ===> btop++ v.1.3.2
2024/07/05 (16:36:14) | WARNING: NVML: Failed to get maximum GPU power draw, defaulting to 225W: Not Supported
2024/07/05 (16:36:14) | WARNING: NVML: Failed to get GPU power usage: Not Supported

2024/07/07 (01:22:49) | ===> btop++ v.1.3.2
2024/07/07 (01:22:49) | WARNING: NVML: Failed to get maximum GPU power draw, defaulting to 225W: Not Supported
2024/07/07 (01:22:49) | WARNING: NVML: Failed to get GPU power usage: Not Supported

2024/07/08 (07:38:07) | ===> btop++ v.1.3.2
2024/07/08 (07:38:07) | WARNING: NVML: Failed to get maximum GPU power draw, defaulting to 225W: Not Supported
2024/07/08 (07:38:07) | WARNING: NVML: Failed to get GPU power usage: Not Supported

2024/07/09 (23:04:19) | ===> btop++ v.1.3.2
2024/07/09 (23:04:19) | WARNING: NVML: Failed to get maximum GPU power draw, defaulting to 225W: Not Supported
2024/07/09 (23:04:19) | WARNING: NVML: Failed to get GPU power usage: Not Supported

2024/07/12 (18:18:12) | ===> btop++ v.1.3.2
2024/07/12 (18:18:12) | WARNING: NVML: Failed to get maximum GPU power draw, defaulting to 225W: Not Supported
2024/07/12 (18:18:12) | WARNING: NVML: Failed to get GPU power usage: Not Supported

2024/07/12 (18:22:08) | ===> btop++ v.1.3.2
2024/07/12 (18:22:08) | WARNING: NVML: Failed to get maximum GPU power draw, defaulting to 225W: Not Supported
2024/07/12 (18:22:08) | WARNING: NVML: Failed to get GPU power usage: Not Supported

2024/07/13 (18:25:28) | ===> btop++ v.1.3.2
2024/07/13 (18:25:28) | WARNING: NVML: Failed to get maximum GPU power draw, defaulting to 225W: Not Supported
2024/07/13 (18:25:28) | WARNING: NVML: Failed to get GPU power usage: Not Supported

2024/07/16 (22:51:44) | ===> btop++ v.1.3.2
2024/07/16 (22:51:44) | WARNING: NVML: Failed to get maximum GPU power draw, defaulting to 225W: Not Supported
2024/07/16 (22:51:44) | WARNING: NVML: Failed to get GPU power usage: Not Supported

2024/07/17 (20:49:34) | ===> btop++ v.1.3.2
2024/07/17 (20:49:34) | WARNING: NVML: Failed to get maximum GPU power draw, defaulting to 225W: Not Supported
2024/07/17 (20:49:34) | WARNING: NVML: Failed to get GPU power usage: Not Supported

2024/07/17 (20:49:56) | ===> btop++ v.1.3.2
2024/07/17 (20:49:56) | WARNING: NVML: Failed to get maximum GPU power draw, defaulting to 225W: Not Supported
2024/07/17 (20:49:56) | WARNING: NVML: Failed to get GPU power usage: Not Supported

2024/07/17 (20:50:07) | ===> btop++ v.1.3.2
2024/07/17 (20:50:07) | WARNING: NVML: Failed to get maximum GPU power draw, defaulting to 225W: Not Supported
2024/07/17 (20:50:07) | WARNING: NVML: Failed to get GPU power usage: Not Supported

2024/07/17 (20:59:35) | ===> btop++ v.1.3.2
2024/07/17 (20:59:35) | WARNING: NVML: Failed to get maximum GPU power draw, defaulting to 225W: Not Supported
2024/07/17 (20:59:35) | WARNING: NVML: Failed to get GPU power usage: Not Supported

2024/07/17 (21:40:17) | ===> btop++ v.1.3.2
2024/07/17 (21:40:17) | WARNING: NVML: Failed to get maximum GPU power draw, defaulting to 225W: Not Supported
2024/07/17 (21:40:17) | WARNING: NVML: Failed to get GPU power usage: Not Supported

2024/07/17 (21:40:39) | ===> btop++ v.1.3.2
2024/07/17 (21:40:39) | WARNING: NVML: Failed to get maximum GPU power draw, defaulting to 225W: Not Supported
2024/07/17 (21:40:39) | WARNING: NVML: Failed to get GPU power usage: Not Supported

2024/07/17 (22:24:04) | ===> btop++ v.1.3.2
2024/07/17 (22:24:04) | WARNING: NVML: Failed to get maximum GPU power draw, defaulting to 225W: Not Supported
2024/07/17 (22:24:04) | WARNING: NVML: Failed to get GPU power usage: Not Supported

2024/07/18 (21:07:54) | ===> btop++ v.1.3.2
2024/07/18 (21:07:54) | WARNING: NVML: Failed to get maximum GPU power draw, defaulting to 225W: Not Supported
2024/07/18 (21:07:54) | WARNING: NVML: Failed to get GPU power usage: Not Supported

2024/07/19 (18:48:50) | ===> btop++ v.1.3.2
2024/07/19 (18:48:50) | WARNING: NVML: Failed to get maximum GPU power draw, defaulting to 225W: Not Supported
2024/07/19 (18:48:50) | WARNING: NVML: Failed to get GPU power usage: Not Supported

2024/07/19 (21:22:31) | ===> btop++ v.1.3.2
2024/07/19 (21:22:31) | WARNING: NVML: Failed to get maximum GPU power draw, defaulting to 225W: Not Supported
2024/07/19 (21:22:31) | WARNING: NVML: Failed to get GPU power usage: Not Supported

2024/07/20 (14:00:18) | ===> btop++ v.1.3.2
2024/07/20 (14:00:18) | WARNING: NVML: Failed to get maximum GPU power draw, defaulting to 225W: Not Supported
2024/07/20 (14:00:18) | WARNING: NVML: Failed to get GPU power usage: Not Supported

2024/07/20 (18:32:23) | ===> btop++ v.1.3.2
2024/07/20 (18:32:23) | WARNING: NVML: Failed to get maximum GPU power draw, defaulting to 225W: Not Supported
2024/07/20 (18:32:23) | WARNING: NVML: Failed to get GPU power usage: Not Supported

2024/07/20 (22:16:11) | ===> btop++ v.1.3.2
2024/07/20 (22:16:11) | WARNING: NVML: Failed to get maximum GPU power draw, defaulting to 225W: Not Supported
2024/07/20 (22:16:11) | WARNING: NVML: Failed to get GPU power usage: Not Supported

2024/07/20 (22:17:36) | ===> btop++ v.1.3.2
2024/07/20 (22:17:36) | WARNING: NVML: Failed to get maximum GPU power draw, defaulting to 225W: Not Supported
2024/07/20 (22:17:36) | WARNING: NVML: Failed to get GPU power usage: Not Supported

2024/07/20 (22:23:08) | ===> btop++ v.1.3.2
2024/07/20 (22:23:08) | WARNING: NVML: Failed to get maximum GPU power draw, defaulting to 225W: Not Supported
2024/07/20 (22:23:08) | WARNING: NVML: Failed to get GPU power usage: Not Supported

2024/07/21 (19:22:59) | ===> btop++ v.1.3.2
2024/07/21 (19:22:59) | WARNING: NVML: Failed to get maximum GPU power draw, defaulting to 225W: Not Supported
2024/07/21 (19:22:59) | WARNING: NVML: Failed to get GPU power usage: Not Supported

2024/07/21 (19:56:12) | ===> btop++ v.1.3.2
2024/07/21 (19:56:12) | WARNING: NVML: Failed to get maximum GPU power draw, defaulting to 225W: Not Supported
2024/07/21 (19:56:12) | WARNING: NVML: Failed to get GPU power usage: Not Supported

2024/07/22 (12:20:01) | ===> btop++ v.1.3.2
2024/07/22 (12:20:01) | WARNING: NVML: Failed to get maximum GPU power draw, defaulting to 225W: Not Supported
2024/07/22 (12:20:01) | WARNING: NVML: Failed to get GPU power usage: Not Supported

2024/07/25 (14:32:43) | ===> btop++ v.1.3.2
2024/07/25 (14:32:43) | WARNING: NVML: Failed to get maximum GPU power draw, defaulting to 225W: Not Supported
2024/07/25 (14:32:43) | WARNING: NVML: Failed to get GPU power usage: Not Supported

2024/07/25 (15:19:29) | ===> btop++ v.1.3.2
2024/07/25 (15:19:29) | WARNING: NVML: Failed to get maximum GPU power draw, defaulting to 225W: Not Supported
2024/07/25 (15:19:29) | WARNING: NVML: Failed to get GPU power usage: Not Supported

2024/07/25 (16:20:34) | ===> btop++ v.1.3.2
2024/07/25 (16:20:34) | WARNING: NVML: Failed to get maximum GPU power draw, defaulting to 225W: Not Supported
2024/07/25 (16:20:34) | WARNING: NVML: Failed to get GPU power usage: Not Supported

2024/07/26 (17:17:36) | ===> btop++ v.1.3.2
2024/07/26 (17:17:36) | WARNING: NVML: Failed to get maximum GPU power draw, defaulting to 225W: Not Supported
2024/07/26 (17:17:36) | WARNING: NVML: Failed to get GPU power usage: Not Supported

2024/07/26 (17:17:42) | ===> btop++ v.1.3.2
2024/07/26 (17:17:42) | WARNING: NVML: Failed to get maximum GPU power draw, defaulting to 225W: Not Supported
2024/07/26 (17:17:42) | WARNING: NVML: Failed to get GPU power usage: Not Supported

2024/07/26 (17:18:29) | ===> btop++ v.1.3.2
2024/07/26 (17:18:29) | WARNING: NVML: Failed to get maximum GPU power draw, defaulting to 225W: Not Supported
2024/07/26 (17:18:29) | WARNING: NVML: Failed to get GPU power usage: Not Supported

2024/07/26 (17:42:57) | ===> btop++ v.1.3.2
2024/07/26 (17:42:57) | WARNING: NVML: Failed to get maximum GPU power draw, defaulting to 225W: Not Supported
2024/07/26 (17:42:57) | WARNING: NVML: Failed to get GPU power usage: Not Supported

2024/07/26 (18:19:19) | ===> btop++ v.1.3.2
2024/07/26 (18:19:19) | WARNING: NVML: Failed to get maximum GPU power draw, defaulting to 225W: Not Supported
2024/07/26 (18:19:20) | WARNING: NVML: Failed to get GPU power usage: Not Supported

2024/07/26 (18:24:24) | ===> btop++ v.1.3.2
2024/07/26 (18:24:24) | WARNING: NVML: Failed to get maximum GPU power draw, defaulting to 225W: Not Supported
2024/07/26 (18:24:24) | WARNING: NVML: Failed to get GPU power usage: Not Supported

2024/07/27 (07:09:45) | ===> btop++ v.1.3.2
2024/07/27 (07:09:45) | WARNING: NVML: Failed to get maximum GPU power draw, defaulting to 225W: Not Supported
2024/07/27 (07:09:45) | WARNING: NVML: Failed to get GPU power usage: Not Supported

2024/07/27 (13:54:26) | ===> btop++ v.1.3.2
2024/07/27 (13:54:26) | WARNING: NVML: Failed to get maximum GPU power draw, defaulting to 225W: Not Supported
2024/07/27 (13:54:26) | WARNING: NVML: Failed to get GPU power usage: Not Supported

2024/07/27 (13:54:35) | ===> btop++ v.1.3.2
2024/07/27 (13:54:35) | WARNING: NVML: Failed to get maximum GPU power draw, defaulting to 225W: Not Supported
2024/07/27 (13:54:35) | WARNING: NVML: Failed to get GPU power usage: Not Supported

2024/07/31 (11:18:19) | ===> btop++ v.1.3.2
2024/07/31 (11:18:19) | WARNING: NVML: Failed to get maximum GPU power draw, defaulting to 225W: Not Supported
2024/07/31 (11:18:19) | WARNING: NVML: Failed to get GPU power usage: Not Supported

2024/07/31 (11:22:36) | ===> btop++ v.1.3.2
2024/07/31 (11:22:36) | WARNING: NVML: Failed to get maximum GPU power draw, defaulting to 225W: Not Supported
2024/07/31 (11:22:36) | WARNING: NVML: Failed to get GPU power usage: Not Supported

2024/07/31 (11:23:38) | ===> btop++ v.1.3.2
2024/07/31 (11:23:38) | WARNING: NVML: Failed to get maximum GPU power draw, defaulting to 225W: Not Supported
2024/07/31 (11:23:38) | WARNING: NVML: Failed to get GPU power usage: Not Supported

2024/07/31 (11:25:55) | ===> btop++ v.1.3.2
2024/07/31 (11:25:55) | WARNING: NVML: Failed to get maximum GPU power draw, defaulting to 225W: Not Supported
2024/07/31 (11:25:55) | WARNING: NVML: Failed to get GPU power usage: Not Supported

2024/08/01 (08:28:13) | ===> btop++ v.1.3.2
2024/08/01 (08:28:13) | WARNING: NVML: Failed to get maximum GPU power draw, defaulting to 225W: Not Supported
2024/08/01 (08:28:13) | WARNING: NVML: Failed to get GPU power usage: Not Supported

2024/08/02 (08:28:21) | ===> btop++ v.1.3.2
2024/08/02 (08:28:21) | WARNING: NVML: Failed to get maximum GPU power draw, defaulting to 225W: Not Supported
2024/08/02 (08:28:21) | WARNING: NVML: Failed to get GPU power usage: Not Supported

2024/08/02 (08:39:18) | ===> btop++ v.1.3.2
2024/08/02 (08:39:18) | WARNING: NVML: Failed to get maximum GPU power draw, defaulting to 225W: Not Supported
2024/08/02 (08:39:18) | WARNING: NVML: Failed to get GPU power usage: Not Supported

2024/08/02 (08:39:42) | ===> btop++ v.1.3.2
2024/08/02 (08:39:42) | WARNING: NVML: Failed to get maximum GPU power draw, defaulting to 225W: Not Supported
2024/08/02 (08:39:42) | WARNING: NVML: Failed to get GPU power usage: Not Supported
2024/08/02 (08:40:19) | ERROR: Couldn't determine terminal size of "STDOUT_FILENO"!
2024/08/02 (08:40:19) | ERROR: Couldn't determine terminal size of "/dev/tty"!

2024/08/02 (09:37:59) | ===> btop++ v.1.3.2
2024/08/02 (09:37:59) | WARNING: NVML: Failed to get maximum GPU power draw, defaulting to 225W: Not Supported
2024/08/02 (09:37:59) | WARNING: NVML: Failed to get GPU power usage: Not Supported

2024/08/04 (15:14:47) | ===> btop++ v.1.3.2
2024/08/04 (15:14:47) | WARNING: NVML: Failed to get maximum GPU power draw, defaulting to 225W: Not Supported
2024/08/04 (15:14:47) | WARNING: NVML: Failed to get GPU power usage: Not Supported

2024/08/04 (22:56:18) | ===> btop++ v.1.3.2
2024/08/04 (22:56:18) | WARNING: NVML: Failed to get maximum GPU power draw, defaulting to 225W: Not Supported
2024/08/04 (22:56:18) | WARNING: NVML: Failed to get GPU power usage: Not Supported
2024/08/04 (23:05:39) | ERROR: Couldn't determine terminal size of "STDOUT_FILENO"!
2024/08/04 (23:05:39) | ERROR: Couldn't determine terminal size of "/dev/tty"!

2024/08/05 (07:36:21) | ===> btop++ v.1.3.2
2024/08/05 (07:36:21) | WARNING: NVML: Failed to get maximum GPU power draw, defaulting to 225W: Not Supported
2024/08/05 (07:36:21) | WARNING: NVML: Failed to get GPU power usage: Not Supported

2024/08/05 (07:36:39) | ===> btop++ v.1.3.2
2024/08/05 (07:36:39) | WARNING: NVML: Failed to get maximum GPU power draw, defaulting to 225W: Not Supported
2024/08/05 (07:36:39) | WARNING: NVML: Failed to get GPU power usage: Not Supported

2024/08/05 (07:43:24) | ===> btop++ v.1.3.2
2024/08/05 (07:43:24) | WARNING: NVML: Failed to get maximum GPU power draw, defaulting to 225W: Not Supported
2024/08/05 (07:43:24) | WARNING: NVML: Failed to get GPU power usage: Not Supported

2024/08/05 (08:09:44) | ===> btop++ v.1.3.2
2024/08/05 (08:09:44) | WARNING: NVML: Failed to get maximum GPU power draw, defaulting to 225W: Not Supported
2024/08/05 (08:09:44) | WARNING: NVML: Failed to get GPU power usage: Not Supported

2024/08/05 (10:39:52) | ===> btop++ v.1.3.2
2024/08/05 (10:39:52) | WARNING: NVML: Failed to get maximum GPU power draw, defaulting to 225W: Not Supported
2024/08/05 (10:39:52) | WARNING: NVML: Failed to get GPU power usage: Not Supported

2024/08/06 (09:10:45) | ===> btop++ v.1.3.2
2024/08/06 (09:10:45) | WARNING: NVML: Failed to get maximum GPU power draw, defaulting to 225W: Not Supported
2024/08/06 (09:10:45) | WARNING: NVML: Failed to get GPU power usage: Not Supported

2024/08/06 (09:12:01) | ===> btop++ v.1.3.2
2024/08/06 (09:12:01) | WARNING: NVML: Failed to get maximum GPU power draw, defaulting to 225W: Not Supported
2024/08/06 (09:12:01) | WARNING: NVML: Failed to get GPU power usage: Not Supported

2024/08/06 (09:13:56) | ===> btop++ v.1.3.2
2024/08/06 (09:13:56) | WARNING: NVML: Failed to get maximum GPU power draw, defaulting to 225W: Not Supported
2024/08/06 (09:13:56) | WARNING: NVML: Failed to get GPU power usage: Not Supported

2024/08/06 (17:53:53) | ===> btop++ v.1.3.2
2024/08/06 (17:53:53) | WARNING: NVML: Failed to get maximum GPU power draw, defaulting to 225W: Not Supported
2024/08/06 (17:53:53) | WARNING: NVML: Failed to get GPU power usage: Not Supported

2024/08/07 (09:50:53) | ===> btop++ v.1.3.2
2024/08/07 (09:50:53) | WARNING: NVML: Failed to get maximum GPU power draw, defaulting to 225W: Not Supported
2024/08/07 (09:50:53) | WARNING: NVML: Failed to get GPU power usage: Not Supported

2024/08/07 (10:09:16) | ===> btop++ v.1.3.2
2024/08/07 (10:09:16) | WARNING: NVML: Failed to get maximum GPU power draw, defaulting to 225W: Not Supported
2024/08/07 (10:09:16) | WARNING: NVML: Failed to get GPU power usage: Not Supported

2024/08/07 (10:13:32) | ===> btop++ v.1.3.2
2024/08/07 (10:13:32) | WARNING: NVML: Failed to get maximum GPU power draw, defaulting to 225W: Not Supported
2024/08/07 (10:13:32) | WARNING: NVML: Failed to get GPU power usage: Not Supported

2024/08/07 (10:18:24) | ===> btop++ v.1.3.2
2024/08/07 (10:18:24) | WARNING: NVML: Failed to get maximum GPU power draw, defaulting to 225W: Not Supported
2024/08/07 (10:18:24) | WARNING: NVML: Failed to get GPU power usage: Not Supported

2024/08/07 (10:20:38) | ===> btop++ v.1.3.2
2024/08/07 (10:20:38) | WARNING: NVML: Failed to get maximum GPU power draw, defaulting to 225W: Not Supported
2024/08/07 (10:20:38) | WARNING: NVML: Failed to get GPU power usage: Not Supported

2024/08/07 (10:22:25) | ===> btop++ v.1.3.2
2024/08/07 (10:22:25) | WARNING: NVML: Failed to get maximum GPU power draw, defaulting to 225W: Not Supported
2024/08/07 (10:22:25) | WARNING: NVML: Failed to get GPU power usage: Not Supported

2024/08/07 (10:30:43) | ===> btop++ v.1.3.2
2024/08/07 (10:30:43) | WARNING: NVML: Failed to get maximum GPU power draw, defaulting to 225W: Not Supported
2024/08/07 (10:30:43) | WARNING: NVML: Failed to get GPU power usage: Not Supported

2024/08/07 (10:31:49) | ===> btop++ v.1.3.2
2024/08/07 (10:31:49) | WARNING: NVML: Failed to get maximum GPU power draw, defaulting to 225W: Not Supported
2024/08/07 (10:31:49) | WARNING: NVML: Failed to get GPU power usage: Not Supported

2024/08/07 (10:32:47) | ===> btop++ v.1.3.2
2024/08/07 (10:32:47) | WARNING: NVML: Failed to get maximum GPU power draw, defaulting to 225W: Not Supported
2024/08/07 (10:32:47) | WARNING: NVML: Failed to get GPU power usage: Not Supported

2024/08/07 (10:38:40) | ===> btop++ v.1.3.2
2024/08/07 (10:38:40) | WARNING: NVML: Failed to get maximum GPU power draw, defaulting to 225W: Not Supported
2024/08/07 (10:38:40) | WARNING: NVML: Failed to get GPU power usage: Not Supported

2024/08/07 (10:41:16) | ===> btop++ v.1.3.2
2024/08/07 (10:41:16) | WARNING: NVML: Failed to get maximum GPU power draw, defaulting to 225W: Not Supported
2024/08/07 (10:41:16) | WARNING: NVML: Failed to get GPU power usage: Not Supported

2024/08/07 (10:42:33) | ===> btop++ v.1.3.2
2024/08/07 (10:42:33) | WARNING: NVML: Failed to get maximum GPU power draw, defaulting to 225W: Not Supported
2024/08/07 (10:42:33) | WARNING: NVML: Failed to get GPU power usage: Not Supported

2024/08/07 (10:44:48) | ===> btop++ v.1.3.2
2024/08/07 (10:44:48) | WARNING: NVML: Failed to get maximum GPU power draw, defaulting to 225W: Not Supported
2024/08/07 (10:44:48) | WARNING: NVML: Failed to get GPU power usage: Not Supported

2024/08/07 (10:45:41) | ===> btop++ v.1.3.2
2024/08/07 (10:45:41) | WARNING: NVML: Failed to get maximum GPU power draw, defaulting to 225W: Not Supported
2024/08/07 (10:45:41) | WARNING: NVML: Failed to get GPU power usage: Not Supported

2024/08/07 (10:46:03) | ===> btop++ v.1.3.2
2024/08/07 (10:46:03) | WARNING: NVML: Failed to get maximum GPU power draw, defaulting to 225W: Not Supported
2024/08/07 (10:46:03) | WARNING: NVML: Failed to get GPU power usage: Not Supported

2024/08/07 (10:49:39) | ===> btop++ v.1.3.2
2024/08/07 (10:49:39) | WARNING: NVML: Failed to get maximum GPU power draw, defaulting to 225W: Not Supported
2024/08/07 (10:49:39) | WARNING: NVML: Failed to get GPU power usage: Not Supported

2024/08/07 (13:22:03) | ===> btop++ v.1.3.2
2024/08/07 (13:22:03) | WARNING: NVML: Failed to get maximum GPU power draw, defaulting to 225W: Not Supported
2024/08/07 (13:22:03) | WARNING: NVML: Failed to get GPU power usage: Not Supported

2024/08/07 (18:32:39) | ===> btop++ v.1.3.2
2024/08/07 (18:32:39) | WARNING: NVML: Failed to get maximum GPU power draw, defaulting to 225W: Not Supported
2024/08/07 (18:32:39) | WARNING: NVML: Failed to get GPU power usage: Not Supported

2024/08/07 (21:56:23) | ===> btop++ v.1.3.2
2024/08/07 (21:56:23) | WARNING: NVML: Failed to get maximum GPU power draw, defaulting to 225W: Not Supported
2024/08/07 (21:56:23) | WARNING: NVML: Failed to get GPU power usage: Not Supported

2024/08/07 (21:57:48) | ===> btop++ v.1.3.2
2024/08/07 (21:57:48) | WARNING: NVML: Failed to get maximum GPU power draw, defaulting to 225W: Not Supported
2024/08/07 (21:57:48) | WARNING: NVML: Failed to get GPU power usage: Not Supported

2024/08/07 (21:58:21) | ===> btop++ v.1.3.2
2024/08/07 (21:58:21) | WARNING: NVML: Failed to get maximum GPU power draw, defaulting to 225W: Not Supported
2024/08/07 (21:58:21) | WARNING: NVML: Failed to get GPU power usage: Not Supported

2024/08/07 (21:58:34) | ===> btop++ v.1.3.2
2024/08/07 (21:58:34) | WARNING: NVML: Failed to get maximum GPU power draw, defaulting to 225W: Not Supported
2024/08/07 (21:58:34) | WARNING: NVML: Failed to get GPU power usage: Not Supported

2024/08/07 (22:00:58) | ===> btop++ v.1.3.2
2024/08/07 (22:00:58) | WARNING: NVML: Failed to get maximum GPU power draw, defaulting to 225W: Not Supported
2024/08/07 (22:00:58) | WARNING: NVML: Failed to get GPU power usage: Not Supported

2024/08/08 (01:41:45) | ===> btop++ v.1.3.2
2024/08/08 (01:41:45) | ERROR: Exception during Config::unlock() : unordered_map::at

2024/08/08 (01:54:02) | ===> btop++ v.1.3.2
2024/08/08 (01:54:02) | WARNING: NVML: Failed to get maximum GPU power draw, defaulting to 225W: Not Supported
2024/08/08 (01:54:02) | WARNING: NVML: Failed to get GPU power usage: Not Supported

2024/08/08 (12:01:16) | ===> btop++ v.1.3.2
2024/08/08 (12:01:16) | WARNING: NVML: Failed to get maximum GPU power draw, defaulting to 225W: Not Supported
2024/08/08 (12:01:16) | WARNING: NVML: Failed to get GPU power usage: Not Supported

2024/08/08 (15:30:55) | ===> btop++ v.1.3.2
2024/08/08 (15:30:55) | WARNING: NVML: Failed to get maximum GPU power draw, defaulting to 225W: Not Supported
2024/08/08 (15:30:55) | WARNING: NVML: Failed to get GPU power usage: Not Supported

2024/08/09 (21:50:37) | ===> btop++ v.1.3.2
2024/08/09 (21:50:37) | WARNING: NVML: Failed to get maximum GPU power draw, defaulting to 225W: Not Supported
2024/08/09 (21:50:37) | WARNING: NVML: Failed to get GPU power usage: Not Supported

2024/08/09 (22:18:52) | ===> btop++ v.1.3.2
2024/08/09 (22:18:52) | WARNING: NVML: Failed to get maximum GPU power draw, defaulting to 225W: Not Supported
2024/08/09 (22:18:52) | WARNING: NVML: Failed to get GPU power usage: Not Supported

2024/08/09 (22:22:15) | ===> btop++ v.1.3.2
2024/08/09 (22:22:15) | WARNING: NVML: Failed to get maximum GPU power draw, defaulting to 225W: Not Supported
2024/08/09 (22:22:15) | WARNING: NVML: Failed to get GPU power usage: Not Supported

2024/08/09 (22:22:39) | ===> btop++ v.1.3.2
2024/08/09 (22:22:39) | WARNING: NVML: Failed to get maximum GPU power draw, defaulting to 225W: Not Supported
2024/08/09 (22:22:39) | WARNING: NVML: Failed to get GPU power usage: Not Supported

2024/08/09 (23:40:24) | ===> btop++ v.1.3.2
2024/08/09 (23:40:24) | WARNING: NVML: Failed to get maximum GPU power draw, defaulting to 225W: Not Supported
2024/08/09 (23:40:24) | WARNING: NVML: Failed to get GPU power usage: Not Supported

2024/08/09 (23:45:55) | ===> btop++ v.1.3.2
2024/08/09 (23:45:55) | WARNING: NVML: Failed to get maximum GPU power draw, defaulting to 225W: Not Supported
2024/08/09 (23:45:55) | WARNING: NVML: Failed to get GPU power usage: Not Supported

2024/08/10 (00:31:17) | ===> btop++ v.1.3.2
2024/08/10 (00:31:17) | WARNING: NVML: Failed to get maximum GPU power draw, defaulting to 225W: Not Supported
2024/08/10 (00:31:17) | WARNING: NVML: Failed to get GPU power usage: Not Supported

2024/08/10 (10:49:36) | ===> btop++ v.1.3.2
2024/08/10 (10:49:36) | WARNING: NVML: Failed to get maximum GPU power draw, defaulting to 225W: Not Supported
2024/08/10 (10:49:36) | WARNING: NVML: Failed to get GPU power usage: Not Supported

2024/08/10 (11:09:49) | ===> btop++ v.1.3.2
2024/08/10 (11:09:49) | WARNING: NVML: Failed to get maximum GPU power draw, defaulting to 225W: Not Supported
2024/08/10 (11:09:49) | WARNING: NVML: Failed to get GPU power usage: Not Supported

2024/08/10 (11:10:24) | ===> btop++ v.1.3.2
2024/08/10 (11:10:24) | WARNING: NVML: Failed to get maximum GPU power draw, defaulting to 225W: Not Supported
2024/08/10 (11:10:24) | WARNING: NVML: Failed to get GPU power usage: Not Supported

2024/08/10 (11:21:40) | ===> btop++ v.1.3.2
2024/08/10 (11:21:40) | WARNING: NVML: Failed to get maximum GPU power draw, defaulting to 225W: Not Supported
2024/08/10 (11:21:40) | WARNING: NVML: Failed to get GPU power usage: Not Supported

2024/08/10 (14:11:39) | ===> btop++ v.1.3.2
2024/08/10 (14:11:39) | WARNING: NVML: Failed to get maximum GPU power draw, defaulting to 225W: Not Supported
2024/08/10 (14:11:39) | WARNING: NVML: Failed to get GPU power usage: Not Supported

2024/08/10 (19:05:06) | ===> btop++ v.1.3.2
2024/08/10 (19:05:06) | WARNING: NVML: Failed to get maximum GPU power draw, defaulting to 225W: Not Supported
2024/08/10 (19:05:06) | WARNING: NVML: Failed to get GPU power usage: Not Supported

2024/08/11 (10:10:21) | ===> btop++ v.1.3.2
2024/08/11 (10:10:21) | WARNING: NVML: Failed to get maximum GPU power draw, defaulting to 225W: Not Supported
2024/08/11 (10:10:21) | WARNING: NVML: Failed to get GPU power usage: Not Supported

2024/08/11 (10:12:10) | ===> btop++ v.1.3.2
2024/08/11 (10:12:10) | WARNING: NVML: Failed to get maximum GPU power draw, defaulting to 225W: Not Supported
2024/08/11 (10:12:10) | WARNING: NVML: Failed to get GPU power usage: Not Supported

2024/08/11 (10:14:18) | ===> btop++ v.1.3.2
2024/08/11 (10:14:18) | WARNING: NVML: Failed to get maximum GPU power draw, defaulting to 225W: Not Supported
2024/08/11 (10:14:18) | WARNING: NVML: Failed to get GPU power usage: Not Supported

2024/08/11 (10:19:55) | ===> btop++ v.1.3.2
2024/08/11 (10:19:55) | WARNING: NVML: Failed to get maximum GPU power draw, defaulting to 225W: Not Supported
2024/08/11 (10:19:55) | WARNING: NVML: Failed to get GPU power usage: Not Supported

2024/08/11 (20:46:47) | ===> btop++ v.1.3.2
2024/08/11 (20:46:47) | WARNING: NVML: Failed to get maximum GPU power draw, defaulting to 225W: Not Supported
2024/08/11 (20:46:47) | WARNING: NVML: Failed to get GPU power usage: Not Supported

2024/08/11 (21:24:08) | ===> btop++ v.1.3.2
2024/08/11 (21:24:08) | WARNING: NVML: Failed to get maximum GPU power draw, defaulting to 225W: Not Supported
2024/08/11 (21:24:08) | WARNING: NVML: Failed to get GPU power usage: Not Supported

2024/08/11 (21:53:22) | ===> btop++ v.1.3.2
2024/08/11 (21:53:22) | WARNING: NVML: Failed to get maximum GPU power draw, defaulting to 225W: Not Supported
2024/08/11 (21:53:22) | WARNING: NVML: Failed to get GPU power usage: Not Supported

2024/08/11 (22:24:29) | ===> btop++ v.1.3.2
2024/08/11 (22:24:29) | WARNING: NVML: Failed to get maximum GPU power draw, defaulting to 225W: Not Supported
2024/08/11 (22:24:29) | WARNING: NVML: Failed to get GPU power usage: Not Supported

2024/08/11 (22:28:12) | ===> btop++ v.1.3.2
2024/08/11 (22:28:12) | WARNING: NVML: Failed to get maximum GPU power draw, defaulting to 225W: Not Supported
2024/08/11 (22:28:12) | WARNING: NVML: Failed to get GPU power usage: Not Supported

2024/08/11 (22:30:15) | ===> btop++ v.1.3.2
2024/08/11 (22:30:15) | WARNING: NVML: Failed to get maximum GPU power draw, defaulting to 225W: Not Supported
2024/08/11 (22:30:15) | WARNING: NVML: Failed to get GPU power usage: Not Supported

2024/08/12 (00:54:39) | ===> btop++ v.1.3.2
2024/08/12 (00:54:39) | WARNING: NVML: Failed to get maximum GPU power draw, defaulting to 225W: Not Supported
2024/08/12 (00:54:39) | WARNING: NVML: Failed to get GPU power usage: Not Supported

2024/08/12 (01:07:12) | ===> btop++ v.1.3.2
2024/08/12 (01:07:12) | WARNING: NVML: Failed to get maximum GPU power draw, defaulting to 225W: Not Supported
2024/08/12 (01:07:12) | WARNING: NVML: Failed to get GPU power usage: Not Supported

2024/08/12 (01:09:33) | ===> btop++ v.1.3.2
2024/08/12 (01:09:33) | WARNING: NVML: Failed to get maximum GPU power draw, defaulting to 225W: Not Supported
2024/08/12 (01:09:33) | WARNING: NVML: Failed to get GPU power usage: Not Supported

2024/08/12 (01:09:46) | ===> btop++ v.1.3.2
2024/08/12 (01:09:46) | WARNING: NVML: Failed to get maximum GPU power draw, defaulting to 225W: Not Supported
2024/08/12 (01:09:46) | WARNING: NVML: Failed to get GPU power usage: Not Supported

2024/08/12 (01:09:49) | ===> btop++ v.1.3.2
2024/08/12 (01:09:49) | WARNING: NVML: Failed to get maximum GPU power draw, defaulting to 225W: Not Supported
2024/08/12 (01:09:49) | WARNING: NVML: Failed to get GPU power usage: Not Supported

2024/08/12 (08:29:31) | ===> btop++ v.1.3.2
2024/08/12 (08:29:31) | WARNING: NVML: Failed to get maximum GPU power draw, defaulting to 225W: Not Supported
2024/08/12 (08:29:31) | WARNING: NVML: Failed to get GPU power usage: Not Supported

2024/08/12 (08:53:13) | ===> btop++ v.1.3.2
2024/08/12 (08:53:13) | WARNING: NVML: Failed to get maximum GPU power draw, defaulting to 225W: Not Supported
2024/08/12 (08:53:13) | WARNING: NVML: Failed to get GPU power usage: Not Supported

2024/08/12 (09:45:14) | ===> btop++ v.1.3.2
2024/08/12 (09:45:14) | WARNING: NVML: Failed to get maximum GPU power draw, defaulting to 225W: Not Supported
2024/08/12 (09:45:14) | WARNING: NVML: Failed to get GPU power usage: Not Supported

2024/08/12 (10:02:51) | ===> btop++ v.1.3.2
2024/08/12 (10:02:51) | WARNING: NVML: Failed to get maximum GPU power draw, defaulting to 225W: Not Supported
2024/08/12 (10:02:51) | WARNING: NVML: Failed to get GPU power usage: Not Supported

2024/08/12 (10:43:07) | ===> btop++ v.1.3.2
2024/08/12 (10:43:07) | WARNING: NVML: Failed to get maximum GPU power draw, defaulting to 225W: Not Supported
2024/08/12 (10:43:07) | WARNING: NVML: Failed to get GPU power usage: Not Supported

2024/08/12 (10:48:25) | ===> btop++ v.1.3.2
2024/08/12 (10:48:25) | WARNING: NVML: Failed to get maximum GPU power draw, defaulting to 225W: Not Supported
2024/08/12 (10:48:25) | WARNING: NVML: Failed to get GPU power usage: Not Supported

2024/08/12 (13:49:23) | ===> btop++ v.1.3.2
2024/08/12 (13:49:23) | WARNING: NVML: Failed to get maximum GPU power draw, defaulting to 225W: Not Supported
2024/08/12 (13:49:23) | WARNING: NVML: Failed to get GPU power usage: Not Supported

2024/08/12 (13:50:13) | ===> btop++ v.1.3.2
2024/08/12 (13:50:13) | WARNING: NVML: Failed to get maximum GPU power draw, defaulting to 225W: Not Supported
2024/08/12 (13:50:13) | WARNING: NVML: Failed to get GPU power usage: Not Supported

2024/08/12 (17:02:24) | ===> btop++ v.1.3.2
2024/08/12 (17:02:24) | WARNING: NVML: Failed to get maximum GPU power draw, defaulting to 225W: Not Supported
2024/08/12 (17:02:24) | WARNING: NVML: Failed to get GPU power usage: Not Supported

2024/08/12 (17:04:34) | ===> btop++ v.1.3.2
2024/08/12 (17:04:34) | WARNING: NVML: Failed to get maximum GPU power draw, defaulting to 225W: Not Supported
2024/08/12 (17:04:34) | WARNING: NVML: Failed to get GPU power usage: Not Supported

2024/08/12 (17:05:13) | ===> btop++ v.1.3.2
2024/08/12 (17:05:13) | WARNING: NVML: Failed to get maximum GPU power draw, defaulting to 225W: Not Supported
2024/08/12 (17:05:13) | WARNING: NVML: Failed to get GPU power usage: Not Supported

2024/08/12 (18:27:49) | ===> btop++ v.1.3.2
2024/08/12 (18:27:49) | WARNING: NVML: Failed to get maximum GPU power draw, defaulting to 225W: Not Supported
2024/08/12 (18:27:49) | WARNING: NVML: Failed to get GPU power usage: Not Supported

2024/08/13 (00:04:32) | ===> btop++ v.1.3.2
2024/08/13 (00:04:32) | WARNING: NVML: Failed to get maximum GPU power draw, defaulting to 225W: Not Supported
2024/08/13 (00:04:32) | WARNING: NVML: Failed to get GPU power usage: Not Supported

2024/08/13 (11:12:37) | ===> btop++ v.1.3.2
2024/08/13 (11:12:37) | WARNING: NVML: Failed to get maximum GPU power draw, defaulting to 225W: Not Supported
2024/08/13 (11:12:37) | WARNING: NVML: Failed to get GPU power usage: Not Supported

2024/08/13 (12:02:30) | ===> btop++ v.1.3.2
2024/08/13 (12:02:30) | WARNING: NVML: Failed to get maximum GPU power draw, defaulting to 225W: Not Supported
2024/08/13 (12:02:30) | WARNING: NVML: Failed to get GPU power usage: Not Supported

2024/08/13 (15:18:04) | ===> btop++ v.1.3.2
2024/08/13 (15:18:04) | WARNING: NVML: Failed to get maximum GPU power draw, defaulting to 225W: Not Supported
2024/08/13 (15:18:04) | WARNING: NVML: Failed to get GPU power usage: Not Supported

2024/08/13 (15:58:35) | ===> btop++ v.1.3.2
2024/08/13 (15:58:35) | WARNING: NVML: Failed to get maximum GPU power draw, defaulting to 225W: Not Supported
2024/08/13 (15:58:35) | WARNING: NVML: Failed to get GPU power usage: Not Supported

2024/08/13 (16:55:57) | ===> btop++ v.1.3.2
2024/08/13 (16:55:57) | WARNING: NVML: Failed to get maximum GPU power draw, defaulting to 225W: Not Supported
2024/08/13 (16:55:57) | WARNING: NVML: Failed to get GPU power usage: Not Supported

2024/08/13 (16:59:36) | ===> btop++ v.1.3.2
2024/08/13 (16:59:36) | WARNING: NVML: Failed to get maximum GPU power draw, defaulting to 225W: Not Supported
2024/08/13 (16:59:36) | WARNING: NVML: Failed to get GPU power usage: Not Supported

2024/08/13 (17:00:18) | ===> btop++ v.1.3.2
2024/08/13 (17:00:18) | WARNING: NVML: Failed to get maximum GPU power draw, defaulting to 225W: Not Supported
2024/08/13 (17:00:18) | WARNING: NVML: Failed to get GPU power usage: Not Supported

2024/08/13 (17:13:13) | ===> btop++ v.1.3.2
2024/08/13 (17:13:13) | WARNING: NVML: Failed to get maximum GPU power draw, defaulting to 225W: Not Supported
2024/08/13 (17:13:13) | WARNING: NVML: Failed to get GPU power usage: Not Supported

2024/08/13 (17:13:29) | ===> btop++ v.1.3.2
2024/08/13 (17:13:29) | WARNING: NVML: Failed to get maximum GPU power draw, defaulting to 225W: Not Supported
2024/08/13 (17:13:29) | WARNING: NVML: Failed to get GPU power usage: Not Supported

2024/08/13 (17:15:52) | ===> btop++ v.1.3.2
2024/08/13 (17:15:52) | WARNING: NVML: Failed to get maximum GPU power draw, defaulting to 225W: Not Supported
2024/08/13 (17:15:52) | WARNING: NVML: Failed to get GPU power usage: Not Supported

2024/08/13 (17:43:14) | ===> btop++ v.1.3.2
2024/08/13 (17:43:14) | WARNING: NVML: Failed to get maximum GPU power draw, defaulting to 225W: Not Supported
2024/08/13 (17:43:14) | WARNING: NVML: Failed to get GPU power usage: Not Supported

2024/08/13 (18:45:50) | ===> btop++ v.1.3.2
2024/08/13 (18:45:50) | WARNING: NVML: Failed to get maximum GPU power draw, defaulting to 225W: Not Supported
2024/08/13 (18:45:50) | WARNING: NVML: Failed to get GPU power usage: Not Supported

2024/08/13 (18:47:11) | ===> btop++ v.1.3.2
2024/08/13 (18:47:11) | WARNING: NVML: Failed to get maximum GPU power draw, defaulting to 225W: Not Supported
2024/08/13 (18:47:11) | WARNING: NVML: Failed to get GPU power usage: Not Supported

2024/08/13 (18:53:46) | ===> btop++ v.1.3.2
2024/08/13 (18:53:46) | WARNING: NVML: Failed to get maximum GPU power draw, defaulting to 225W: Not Supported
2024/08/13 (18:53:46) | WARNING: NVML: Failed to get GPU power usage: Not Supported

2024/08/13 (23:29:37) | ===> btop++ v.1.3.2
2024/08/13 (23:29:37) | WARNING: NVML: Failed to get maximum GPU power draw, defaulting to 225W: Not Supported
2024/08/13 (23:29:37) | WARNING: NVML: Failed to get GPU power usage: Not Supported

2024/08/13 (23:33:53) | ===> btop++ v.1.3.2
2024/08/13 (23:33:53) | WARNING: NVML: Failed to get maximum GPU power draw, defaulting to 225W: Not Supported
2024/08/13 (23:33:53) | WARNING: NVML: Failed to get GPU power usage: Not Supported

2024/08/13 (23:47:15) | ===> btop++ v.1.3.2
2024/08/13 (23:47:15) | WARNING: NVML: Failed to get maximum GPU power draw, defaulting to 225W: Not Supported
2024/08/13 (23:47:15) | WARNING: NVML: Failed to get GPU power usage: Not Supported

2024/08/13 (23:58:40) | ===> btop++ v.1.3.2
2024/08/13 (23:58:40) | WARNING: NVML: Failed to get maximum GPU power draw, defaulting to 225W: Not Supported
2024/08/13 (23:58:40) | WARNING: NVML: Failed to get GPU power usage: Not Supported

2024/08/14 (00:14:17) | ===> btop++ v.1.3.2
2024/08/14 (00:14:17) | WARNING: NVML: Failed to get maximum GPU power draw, defaulting to 225W: Not Supported
2024/08/14 (00:14:17) | WARNING: NVML: Failed to get GPU power usage: Not Supported

2024/08/14 (06:15:22) | ===> btop++ v.1.3.2
2024/08/14 (06:15:22) | WARNING: NVML: Failed to get maximum GPU power draw, defaulting to 225W: Not Supported
2024/08/14 (06:15:22) | WARNING: NVML: Failed to get GPU power usage: Not Supported

2024/08/14 (06:18:03) | ===> btop++ v.1.3.2
2024/08/14 (06:18:03) | WARNING: NVML: Failed to get maximum GPU power draw, defaulting to 225W: Not Supported
2024/08/14 (06:18:03) | WARNING: NVML: Failed to get GPU power usage: Not Supported

2024/08/14 (06:18:59) | ===> btop++ v.1.3.2
2024/08/14 (06:18:59) | WARNING: NVML: Failed to get maximum GPU power draw, defaulting to 225W: Not Supported
2024/08/14 (06:18:59) | WARNING: NVML: Failed to get GPU power usage: Not Supported

2024/08/14 (06:20:01) | ===> btop++ v.1.3.2
2024/08/14 (06:20:01) | WARNING: NVML: Failed to get maximum GPU power draw, defaulting to 225W: Not Supported
2024/08/14 (06:20:01) | WARNING: NVML: Failed to get GPU power usage: Not Supported

2024/08/14 (06:21:12) | ===> btop++ v.1.3.2
2024/08/14 (06:21:12) | WARNING: NVML: Failed to get maximum GPU power draw, defaulting to 225W: Not Supported
2024/08/14 (06:21:12) | WARNING: NVML: Failed to get GPU power usage: Not Supported

2024/08/14 (06:22:56) | ===> btop++ v.1.3.2
2024/08/14 (06:22:56) | WARNING: NVML: Failed to get maximum GPU power draw, defaulting to 225W: Not Supported
2024/08/14 (06:22:56) | WARNING: NVML: Failed to get GPU power usage: Not Supported

2024/08/14 (06:24:40) | ===> btop++ v.1.3.2
2024/08/14 (06:24:40) | WARNING: NVML: Failed to get maximum GPU power draw, defaulting to 225W: Not Supported
2024/08/14 (06:24:40) | WARNING: NVML: Failed to get GPU power usage: Not Supported

2024/08/14 (06:55:53) | ===> btop++ v.1.3.2
2024/08/14 (06:55:53) | WARNING: NVML: Failed to get maximum GPU power draw, defaulting to 225W: Not Supported
2024/08/14 (06:55:53) | WARNING: NVML: Failed to get GPU power usage: Not Supported

2024/08/14 (08:55:20) | ===> btop++ v.1.3.2
2024/08/14 (08:55:20) | WARNING: NVML: Failed to get maximum GPU power draw, defaulting to 225W: Not Supported
2024/08/14 (08:55:20) | WARNING: NVML: Failed to get GPU power usage: Not Supported

2024/08/14 (09:02:18) | ===> btop++ v.1.3.2
2024/08/14 (09:02:18) | WARNING: NVML: Failed to get maximum GPU power draw, defaulting to 225W: Not Supported
2024/08/14 (09:02:18) | WARNING: NVML: Failed to get GPU power usage: Not Supported

2024/08/14 (11:46:45) | ===> btop++ v.1.3.2
2024/08/14 (11:46:45) | WARNING: NVML: Failed to get maximum GPU power draw, defaulting to 225W: Not Supported
2024/08/14 (11:46:45) | WARNING: NVML: Failed to get GPU power usage: Not Supported

2024/08/14 (13:25:50) | ===> btop++ v.1.3.2
2024/08/14 (13:25:50) | WARNING: NVML: Failed to get maximum GPU power draw, defaulting to 225W: Not Supported
2024/08/14 (13:25:50) | WARNING: NVML: Failed to get GPU power usage: Not Supported

2024/08/14 (14:06:20) | ===> btop++ v.1.3.2
2024/08/14 (14:06:20) | WARNING: NVML: Failed to get maximum GPU power draw, defaulting to 225W: Not Supported
2024/08/14 (14:06:20) | WARNING: NVML: Failed to get GPU power usage: Not Supported

2024/08/14 (14:38:42) | ===> btop++ v.1.3.2
2024/08/14 (14:38:42) | WARNING: NVML: Failed to get maximum GPU power draw, defaulting to 225W: Not Supported
2024/08/14 (14:38:42) | WARNING: NVML: Failed to get GPU power usage: Not Supported

2024/08/14 (19:59:58) | ===> btop++ v.1.3.2
2024/08/14 (19:59:58) | WARNING: NVML: Failed to get maximum GPU power draw, defaulting to 225W: Not Supported
2024/08/14 (19:59:58) | WARNING: NVML: Failed to get GPU power usage: Not Supported

2024/08/14 (20:03:01) | ===> btop++ v.1.3.2
2024/08/14 (20:03:01) | WARNING: NVML: Failed to get maximum GPU power draw, defaulting to 225W: Not Supported
2024/08/14 (20:03:01) | WARNING: NVML: Failed to get GPU power usage: Not Supported

2024/08/14 (20:23:01) | ===> btop++ v.1.3.2
2024/08/14 (20:23:01) | WARNING: NVML: Failed to get maximum GPU power draw, defaulting to 225W: Not Supported
2024/08/14 (20:23:01) | WARNING: NVML: Failed to get GPU power usage: Not Supported

2024/08/14 (20:23:57) | ===> btop++ v.1.3.2
2024/08/14 (20:23:57) | WARNING: NVML: Failed to get maximum GPU power draw, defaulting to 225W: Not Supported
2024/08/14 (20:23:57) | WARNING: NVML: Failed to get GPU power usage: Not Supported

2024/08/14 (20:30:30) | ===> btop++ v.1.3.2
2024/08/14 (20:30:30) | WARNING: NVML: Failed to get maximum GPU power draw, defaulting to 225W: Not Supported
2024/08/14 (20:30:30) | WARNING: NVML: Failed to get GPU power usage: Not Supported

2024/08/14 (21:34:14) | ===> btop++ v.1.3.2
2024/08/14 (21:34:14) | WARNING: NVML: Failed to get maximum GPU power draw, defaulting to 225W: Not Supported
2024/08/14 (21:34:14) | WARNING: NVML: Failed to get GPU power usage: Not Supported

2024/08/15 (10:25:01) | ===> btop++ v.1.3.2
2024/08/15 (10:25:01) | WARNING: NVML: Failed to get maximum GPU power draw, defaulting to 225W: Not Supported
2024/08/15 (10:25:01) | WARNING: NVML: Failed to get GPU power usage: Not Supported

2024/08/15 (10:28:13) | ===> btop++ v.1.3.2
2024/08/15 (10:28:13) | WARNING: NVML: Failed to get maximum GPU power draw, defaulting to 225W: Not Supported
2024/08/15 (10:28:13) | WARNING: NVML: Failed to get GPU power usage: Not Supported

2024/08/15 (11:26:34) | ===> btop++ v.1.3.2
2024/08/15 (11:26:34) | WARNING: NVML: Failed to get maximum GPU power draw, defaulting to 225W: Not Supported
2024/08/15 (11:26:34) | WARNING: NVML: Failed to get GPU power usage: Not Supported
2024/08/15 (11:26:35) | ERROR: Couldn't determine terminal size of "STDOUT_FILENO"!
2024/08/15 (11:26:35) | ERROR: Couldn't determine terminal size of "/dev/tty"!

2024/08/15 (11:26:40) | ===> btop++ v.1.3.2
2024/08/15 (11:26:40) | WARNING: NVML: Failed to get maximum GPU power draw, defaulting to 225W: Not Supported
2024/08/15 (11:26:40) | WARNING: NVML: Failed to get GPU power usage: Not Supported

2024/08/15 (11:27:25) | ===> btop++ v.1.3.2
2024/08/15 (11:27:25) | WARNING: NVML: Failed to get maximum GPU power draw, defaulting to 225W: Not Supported
2024/08/15 (11:27:25) | WARNING: NVML: Failed to get GPU power usage: Not Supported

2024/08/15 (15:32:53) | ===> btop++ v.1.3.2
2024/08/15 (15:32:53) | WARNING: NVML: Failed to get maximum GPU power draw, defaulting to 225W: Not Supported
2024/08/15 (15:32:53) | WARNING: NVML: Failed to get GPU power usage: Not Supported

2024/08/16 (00:13:25) | ===> btop++ v.1.3.2
2024/08/16 (00:13:25) | WARNING: NVML: Failed to get maximum GPU power draw, defaulting to 225W: Not Supported
2024/08/16 (00:13:25) | WARNING: NVML: Failed to get GPU power usage: Not Supported

2024/08/16 (00:14:11) | ===> btop++ v.1.3.2
2024/08/16 (00:14:11) | WARNING: NVML: Failed to get maximum GPU power draw, defaulting to 225W: Not Supported
2024/08/16 (00:14:11) | WARNING: NVML: Failed to get GPU power usage: Not Supported

2024/08/16 (00:14:27) | ===> btop++ v.1.3.2
2024/08/16 (00:14:27) | WARNING: NVML: Failed to get maximum GPU power draw, defaulting to 225W: Not Supported
2024/08/16 (00:14:27) | WARNING: NVML: Failed to get GPU power usage: Not Supported

2024/08/16 (00:14:58) | ===> btop++ v.1.3.2
2024/08/16 (00:14:58) | WARNING: NVML: Failed to get maximum GPU power draw, defaulting to 225W: Not Supported
2024/08/16 (00:14:58) | WARNING: NVML: Failed to get GPU power usage: Not Supported

2024/08/16 (01:00:07) | ===> btop++ v.1.3.2
2024/08/16 (01:00:07) | WARNING: NVML: Failed to get maximum GPU power draw, defaulting to 225W: Not Supported
2024/08/16 (01:00:07) | WARNING: NVML: Failed to get GPU power usage: Not Supported

2024/08/16 (01:02:30) | ===> btop++ v.1.3.2
2024/08/16 (01:02:30) | WARNING: NVML: Failed to get maximum GPU power draw, defaulting to 225W: Not Supported
2024/08/16 (01:02:30) | WARNING: NVML: Failed to get GPU power usage: Not Supported

2024/08/16 (01:05:37) | ===> btop++ v.1.3.2
2024/08/16 (01:05:37) | WARNING: NVML: Failed to get maximum GPU power draw, defaulting to 225W: Not Supported
2024/08/16 (01:05:37) | WARNING: NVML: Failed to get GPU power usage: Not Supported

2024/08/16 (15:42:38) | ===> btop++ v.1.3.2
2024/08/16 (15:42:38) | WARNING: NVML: Failed to get maximum GPU power draw, defaulting to 225W: Not Supported
2024/08/16 (15:42:38) | WARNING: NVML: Failed to get GPU power usage: Not Supported
2024/08/16 (15:42:56) | ERROR: Couldn't determine terminal size of "STDOUT_FILENO"!
2024/08/16 (15:42:56) | ERROR: Couldn't determine terminal size of "/dev/tty"!

2024/08/16 (15:43:02) | ===> btop++ v.1.3.2
2024/08/16 (15:43:02) | WARNING: NVML: Failed to get maximum GPU power draw, defaulting to 225W: Not Supported
2024/08/16 (15:43:02) | WARNING: NVML: Failed to get GPU power usage: Not Supported

2024/08/16 (15:56:47) | ===> btop++ v.1.3.2
2024/08/16 (15:56:47) | WARNING: NVML: Failed to get maximum GPU power draw, defaulting to 225W: Not Supported
2024/08/16 (15:56:47) | WARNING: NVML: Failed to get GPU power usage: Not Supported

2024/08/16 (20:43:01) | ===> btop++ v.1.3.2
2024/08/16 (20:43:01) | WARNING: NVML: Failed to get maximum GPU power draw, defaulting to 225W: Not Supported
2024/08/16 (20:43:01) | WARNING: NVML: Failed to get GPU power usage: Not Supported

2024/08/16 (20:43:18) | ===> btop++ v.1.3.2
2024/08/16 (20:43:18) | WARNING: NVML: Failed to get maximum GPU power draw, defaulting to 225W: Not Supported
2024/08/16 (20:43:18) | WARNING: NVML: Failed to get GPU power usage: Not Supported

2024/08/16 (20:53:28) | ===> btop++ v.1.3.2
2024/08/16 (20:53:28) | WARNING: NVML: Failed to get maximum GPU power draw, defaulting to 225W: Not Supported
2024/08/16 (20:53:28) | WARNING: NVML: Failed to get GPU power usage: Not Supported

2024/08/16 (21:02:23) | ===> btop++ v.1.3.2
2024/08/16 (21:02:23) | WARNING: NVML: Failed to get maximum GPU power draw, defaulting to 225W: Not Supported
2024/08/16 (21:02:23) | WARNING: NVML: Failed to get GPU power usage: Not Supported

2024/08/16 (21:40:01) | ===> btop++ v.1.3.2
2024/08/16 (21:40:01) | WARNING: NVML: Failed to get maximum GPU power draw, defaulting to 225W: Not Supported
2024/08/16 (21:40:01) | WARNING: NVML: Failed to get GPU power usage: Not Supported

2024/08/16 (22:09:49) | ===> btop++ v.1.3.2
2024/08/16 (22:09:49) | WARNING: NVML: Failed to get maximum GPU power draw, defaulting to 225W: Not Supported
2024/08/16 (22:09:49) | WARNING: NVML: Failed to get GPU power usage: Not Supported

2024/08/16 (22:31:55) | ===> btop++ v.1.3.2
2024/08/16 (22:31:55) | WARNING: NVML: Failed to get maximum GPU power draw, defaulting to 225W: Not Supported
2024/08/16 (22:31:55) | WARNING: NVML: Failed to get GPU power usage: Not Supported

2024/08/16 (22:33:04) | ===> btop++ v.1.3.2
2024/08/16 (22:33:04) | WARNING: NVML: Failed to get maximum GPU power draw, defaulting to 225W: Not Supported
2024/08/16 (22:33:04) | WARNING: NVML: Failed to get GPU power usage: Not Supported

2024/08/16 (23:13:42) | ===> btop++ v.1.3.2
2024/08/16 (23:13:42) | WARNING: NVML: Failed to get maximum GPU power draw, defaulting to 225W: Not Supported
2024/08/16 (23:13:42) | WARNING: NVML: Failed to get GPU power usage: Not Supported

2024/08/16 (23:13:52) | ===> btop++ v.1.3.2
2024/08/16 (23:13:52) | WARNING: NVML: Failed to get maximum GPU power draw, defaulting to 225W: Not Supported
2024/08/16 (23:13:52) | WARNING: NVML: Failed to get GPU power usage: Not Supported

2024/08/17 (09:10:58) | ===> btop++ v.1.3.2
2024/08/17 (09:10:58) | WARNING: NVML: Failed to get maximum GPU power draw, defaulting to 225W: Not Supported
2024/08/17 (09:10:58) | WARNING: NVML: Failed to get GPU power usage: Not Supported

2024/08/17 (09:24:42) | ===> btop++ v.1.3.2
2024/08/17 (09:24:42) | WARNING: NVML: Failed to get maximum GPU power draw, defaulting to 225W: Not Supported
2024/08/17 (09:24:42) | WARNING: NVML: Failed to get GPU power usage: Not Supported

2024/08/17 (11:22:36) | ===> btop++ v.1.3.2
2024/08/17 (11:22:36) | WARNING: NVML: Failed to get maximum GPU power draw, defaulting to 225W: Not Supported
2024/08/17 (11:22:36) | WARNING: NVML: Failed to get GPU power usage: Not Supported

2024/08/17 (11:37:09) | ===> btop++ v.1.3.2
2024/08/17 (11:37:09) | WARNING: NVML: Failed to get maximum GPU power draw, defaulting to 225W: Not Supported
2024/08/17 (11:37:09) | WARNING: NVML: Failed to get GPU power usage: Not Supported

2024/08/17 (12:35:53) | ===> btop++ v.1.3.2
2024/08/17 (12:35:53) | WARNING: NVML: Failed to get maximum GPU power draw, defaulting to 225W: Not Supported
2024/08/17 (12:35:53) | WARNING: NVML: Failed to get GPU power usage: Not Supported

2024/08/17 (13:15:02) | ===> btop++ v.1.3.2
2024/08/17 (13:15:02) | WARNING: NVML: Failed to get maximum GPU power draw, defaulting to 225W: Not Supported
2024/08/17 (13:15:02) | WARNING: NVML: Failed to get GPU power usage: Not Supported

2024/08/17 (13:16:15) | ===> btop++ v.1.3.2
2024/08/17 (13:16:15) | WARNING: NVML: Failed to get maximum GPU power draw, defaulting to 225W: Not Supported
2024/08/17 (13:16:15) | WARNING: NVML: Failed to get GPU power usage: Not Supported

2024/08/17 (13:20:20) | ===> btop++ v.1.3.2
2024/08/17 (13:20:20) | WARNING: NVML: Failed to get maximum GPU power draw, defaulting to 225W: Not Supported
2024/08/17 (13:20:20) | WARNING: NVML: Failed to get GPU power usage: Not Supported

2024/08/17 (13:20:38) | ===> btop++ v.1.3.2
2024/08/17 (13:20:38) | WARNING: NVML: Failed to get maximum GPU power draw, defaulting to 225W: Not Supported
2024/08/17 (13:20:38) | WARNING: NVML: Failed to get GPU power usage: Not Supported

2024/08/17 (14:34:06) | ===> btop++ v.1.3.2
2024/08/17 (14:34:06) | WARNING: NVML: Failed to get maximum GPU power draw, defaulting to 225W: Not Supported
2024/08/17 (14:34:06) | WARNING: NVML: Failed to get GPU power usage: Not Supported

2024/08/17 (14:36:41) | ===> btop++ v.1.3.2
2024/08/17 (14:36:41) | WARNING: NVML: Failed to get maximum GPU power draw, defaulting to 225W: Not Supported
2024/08/17 (14:36:41) | WARNING: NVML: Failed to get GPU power usage: Not Supported

2024/08/17 (14:42:44) | ===> btop++ v.1.3.2
2024/08/17 (14:42:44) | WARNING: NVML: Failed to get maximum GPU power draw, defaulting to 225W: Not Supported
2024/08/17 (14:42:44) | WARNING: NVML: Failed to get GPU power usage: Not Supported

2024/08/17 (15:47:41) | ===> btop++ v.1.3.2
2024/08/17 (15:47:41) | WARNING: NVML: Failed to get maximum GPU power draw, defaulting to 225W: Not Supported
2024/08/17 (15:47:41) | WARNING: NVML: Failed to get GPU power usage: Not Supported

2024/08/17 (15:48:14) | ===> btop++ v.1.3.2
2024/08/17 (15:48:14) | WARNING: NVML: Failed to get maximum GPU power draw, defaulting to 225W: Not Supported
2024/08/17 (15:48:14) | WARNING: NVML: Failed to get GPU power usage: Not Supported

2024/08/18 (21:34:02) | ===> btop++ v.1.3.2
2024/08/18 (21:34:02) | WARNING: NVML: Failed to get maximum GPU power draw, defaulting to 225W: Not Supported
2024/08/18 (21:34:02) | WARNING: NVML: Failed to get GPU power usage: Not Supported

2024/08/19 (07:14:25) | ===> btop++ v.1.3.2
2024/08/19 (07:14:25) | WARNING: NVML: Failed to get maximum GPU power draw, defaulting to 225W: Not Supported
2024/08/19 (07:14:25) | WARNING: NVML: Failed to get GPU power usage: Not Supported

2024/08/19 (07:21:58) | ===> btop++ v.1.3.2
2024/08/19 (07:21:58) | WARNING: NVML: Failed to get maximum GPU power draw, defaulting to 225W: Not Supported
2024/08/19 (07:21:58) | WARNING: NVML: Failed to get GPU power usage: Not Supported

2024/08/19 (07:36:25) | ===> btop++ v.1.3.2
2024/08/19 (07:36:25) | WARNING: NVML: Failed to get maximum GPU power draw, defaulting to 225W: Not Supported
2024/08/19 (07:36:25) | WARNING: NVML: Failed to get GPU power usage: Not Supported

2024/08/19 (07:37:55) | ===> btop++ v.1.3.2
2024/08/19 (07:37:55) | WARNING: NVML: Failed to get maximum GPU power draw, defaulting to 225W: Not Supported
2024/08/19 (07:37:55) | WARNING: NVML: Failed to get GPU power usage: Not Supported

2024/08/20 (08:18:17) | ===> btop++ v.1.3.2
2024/08/20 (08:18:17) | WARNING: NVML: Failed to get maximum GPU power draw, defaulting to 225W: Not Supported
2024/08/20 (08:18:17) | WARNING: NVML: Failed to get GPU power usage: Not Supported

2024/08/20 (08:36:58) | ===> btop++ v.1.3.2
2024/08/20 (08:36:58) | WARNING: NVML: Failed to get maximum GPU power draw, defaulting to 225W: Not Supported
2024/08/20 (08:36:58) | WARNING: NVML: Failed to get GPU power usage: Not Supported

2024/08/20 (08:43:14) | ===> btop++ v.1.3.2
2024/08/20 (08:43:14) | WARNING: NVML: Failed to get maximum GPU power draw, defaulting to 225W: Not Supported
2024/08/20 (08:43:14) | WARNING: NVML: Failed to get GPU power usage: Not Supported

2024/08/20 (13:33:01) | ===> btop++ v.1.3.2
2024/08/20 (13:33:01) | WARNING: NVML: Failed to get maximum GPU power draw, defaulting to 225W: Not Supported
2024/08/20 (13:33:01) | WARNING: NVML: Failed to get GPU power usage: Not Supported

2024/08/20 (15:30:20) | ===> btop++ v.1.3.2
2024/08/20 (15:30:20) | WARNING: NVML: Failed to get maximum GPU power draw, defaulting to 225W: Not Supported
2024/08/20 (15:30:20) | WARNING: NVML: Failed to get GPU power usage: Not Supported

2024/08/20 (16:03:06) | ===> btop++ v.1.3.2
2024/08/20 (16:03:06) | WARNING: NVML: Failed to get maximum GPU power draw, defaulting to 225W: Not Supported
2024/08/20 (16:03:06) | WARNING: NVML: Failed to get GPU power usage: Not Supported

2024/08/20 (17:17:04) | ===> btop++ v.1.3.2
2024/08/20 (17:17:04) | WARNING: NVML: Failed to get maximum GPU power draw, defaulting to 225W: Not Supported
2024/08/20 (17:17:04) | WARNING: NVML: Failed to get GPU power usage: Not Supported

2024/08/20 (17:21:18) | ===> btop++ v.1.3.2
2024/08/20 (17:21:18) | WARNING: NVML: Failed to get maximum GPU power draw, defaulting to 225W: Not Supported
2024/08/20 (17:21:18) | WARNING: NVML: Failed to get GPU power usage: Not Supported

2024/08/20 (17:23:42) | ===> btop++ v.1.3.2
2024/08/20 (17:23:42) | WARNING: NVML: Failed to get maximum GPU power draw, defaulting to 225W: Not Supported
2024/08/20 (17:23:42) | WARNING: NVML: Failed to get GPU power usage: Not Supported

2024/08/20 (17:25:56) | ===> btop++ v.1.3.2
2024/08/20 (17:25:56) | WARNING: NVML: Failed to get maximum GPU power draw, defaulting to 225W: Not Supported
2024/08/20 (17:25:56) | WARNING: NVML: Failed to get GPU power usage: Not Supported

2024/08/20 (17:27:10) | ===> btop++ v.1.3.2
2024/08/20 (17:27:10) | WARNING: NVML: Failed to get maximum GPU power draw, defaulting to 225W: Not Supported
2024/08/20 (17:27:10) | WARNING: NVML: Failed to get GPU power usage: Not Supported

2024/08/20 (17:29:46) | ===> btop++ v.1.3.2
2024/08/20 (17:29:46) | WARNING: NVML: Failed to get maximum GPU power draw, defaulting to 225W: Not Supported
2024/08/20 (17:29:46) | WARNING: NVML: Failed to get GPU power usage: Not Supported

2024/08/20 (17:32:02) | ===> btop++ v.1.3.2
2024/08/20 (17:32:02) | WARNING: NVML: Failed to get maximum GPU power draw, defaulting to 225W: Not Supported
2024/08/20 (17:32:02) | WARNING: NVML: Failed to get GPU power usage: Not Supported

2024/08/20 (18:41:13) | ===> btop++ v.1.3.2
2024/08/20 (18:41:13) | WARNING: NVML: Failed to get maximum GPU power draw, defaulting to 225W: Not Supported
2024/08/20 (18:41:13) | WARNING: NVML: Failed to get GPU power usage: Not Supported

2024/08/21 (09:40:13) | ===> btop++ v.1.3.2
2024/08/21 (09:40:13) | WARNING: NVML: Failed to get maximum GPU power draw, defaulting to 225W: Not Supported
2024/08/21 (09:40:13) | WARNING: NVML: Failed to get GPU power usage: Not Supported

2024/08/22 (11:48:17) | ===> btop++ v.1.3.2
2024/08/22 (11:48:17) | WARNING: NVML: Failed to get maximum GPU power draw, defaulting to 225W: Not Supported
2024/08/22 (11:48:17) | WARNING: NVML: Failed to get GPU power usage: Not Supported

2024/08/22 (12:18:44) | ===> btop++ v.1.3.2
2024/08/22 (12:18:44) | WARNING: NVML: Failed to get maximum GPU power draw, defaulting to 225W: Not Supported
2024/08/22 (12:18:44) | WARNING: NVML: Failed to get GPU power usage: Not Supported

2024/08/22 (12:49:24) | ===> btop++ v.1.3.2
2024/08/22 (12:49:24) | WARNING: NVML: Failed to get maximum GPU power draw, defaulting to 225W: Not Supported
2024/08/22 (12:49:24) | WARNING: NVML: Failed to get GPU power usage: Not Supported

2024/08/22 (12:56:01) | ===> btop++ v.1.3.2
2024/08/22 (12:56:01) | WARNING: NVML: Failed to get maximum GPU power draw, defaulting to 225W: Not Supported
2024/08/22 (12:56:01) | WARNING: NVML: Failed to get GPU power usage: Not Supported

2024/08/22 (14:16:49) | ===> btop++ v.1.3.2
2024/08/22 (14:16:49) | WARNING: NVML: Failed to get maximum GPU power draw, defaulting to 225W: Not Supported
2024/08/22 (14:16:49) | WARNING: NVML: Failed to get GPU power usage: Not Supported

2024/08/22 (15:25:33) | ===> btop++ v.1.3.2
2024/08/22 (15:25:33) | WARNING: NVML: Failed to get maximum GPU power draw, defaulting to 225W: Not Supported
2024/08/22 (15:25:33) | WARNING: NVML: Failed to get GPU power usage: Not Supported

2024/08/22 (15:36:05) | ===> btop++ v.1.3.2
2024/08/22 (15:36:05) | WARNING: NVML: Failed to get maximum GPU power draw, defaulting to 225W: Not Supported
2024/08/22 (15:36:05) | WARNING: NVML: Failed to get GPU power usage: Not Supported

2024/08/22 (21:38:14) | ===> btop++ v.1.3.2
2024/08/22 (21:38:14) | WARNING: NVML: Failed to get maximum GPU power draw, defaulting to 225W: Not Supported
2024/08/22 (21:38:14) | WARNING: NVML: Failed to get GPU power usage: Not Supported

2024/08/22 (21:39:39) | ===> btop++ v.1.3.2
2024/08/22 (21:39:39) | WARNING: NVML: Failed to get maximum GPU power draw, defaulting to 225W: Not Supported
2024/08/22 (21:39:39) | WARNING: NVML: Failed to get GPU power usage: Not Supported

2024/08/22 (21:40:38) | ===> btop++ v.1.3.2
2024/08/22 (21:40:38) | WARNING: NVML: Failed to get maximum GPU power draw, defaulting to 225W: Not Supported
2024/08/22 (21:40:38) | WARNING: NVML: Failed to get GPU power usage: Not Supported

2024/08/23 (10:07:09) | ===> btop++ v.1.3.2
2024/08/23 (10:07:09) | WARNING: NVML: Failed to get maximum GPU power draw, defaulting to 225W: Not Supported
2024/08/23 (10:07:09) | WARNING: NVML: Failed to get GPU power usage: Not Supported

2024/08/23 (10:07:41) | ===> btop++ v.1.3.2
2024/08/23 (10:07:41) | WARNING: NVML: Failed to get maximum GPU power draw, defaulting to 225W: Not Supported
2024/08/23 (10:07:41) | WARNING: NVML: Failed to get GPU power usage: Not Supported

2024/08/23 (10:16:20) | ===> btop++ v.1.3.2
2024/08/23 (10:16:20) | WARNING: NVML: Failed to get maximum GPU power draw, defaulting to 225W: Not Supported
2024/08/23 (10:16:20) | WARNING: NVML: Failed to get GPU power usage: Not Supported

2024/08/23 (10:47:19) | ===> btop++ v.1.3.2
2024/08/23 (10:47:19) | WARNING: NVML: Failed to get maximum GPU power draw, defaulting to 225W: Not Supported
2024/08/23 (10:47:19) | WARNING: NVML: Failed to get GPU power usage: Not Supported
2024/08/23 (10:47:54) | ERROR: Stall in Runner thread, restarting!
2024/08/23 (10:47:54) | WARNING: Error in Mem::collect() : std::future_error: No associated state
2024/08/23 (10:48:12) | ERROR: Stall in Runner thread, restarting!

2024/08/23 (10:57:53) | ===> btop++ v.1.3.2
2024/08/23 (10:57:53) | WARNING: NVML: Failed to get maximum GPU power draw, defaulting to 225W: Not Supported
2024/08/23 (10:57:53) | WARNING: NVML: Failed to get GPU power usage: Not Supported

2024/08/23 (11:56:24) | ===> btop++ v.1.3.2
2024/08/23 (11:56:24) | WARNING: NVML: Failed to get maximum GPU power draw, defaulting to 225W: Not Supported
2024/08/23 (11:56:24) | WARNING: NVML: Failed to get GPU power usage: Not Supported

2024/08/23 (12:11:43) | ===> btop++ v.1.3.2
2024/08/23 (12:11:43) | WARNING: NVML: Failed to get maximum GPU power draw, defaulting to 225W: Not Supported
2024/08/23 (12:11:43) | WARNING: NVML: Failed to get GPU power usage: Not Supported

2024/08/23 (12:20:07) | ===> btop++ v.1.3.2
2024/08/23 (12:20:07) | WARNING: NVML: Failed to get maximum GPU power draw, defaulting to 225W: Not Supported
2024/08/23 (12:20:07) | WARNING: NVML: Failed to get GPU power usage: Not Supported

2024/08/23 (14:11:11) | ===> btop++ v.1.3.2
2024/08/23 (14:11:11) | WARNING: NVML: Failed to get maximum GPU power draw, defaulting to 225W: Not Supported
2024/08/23 (14:11:11) | WARNING: NVML: Failed to get GPU power usage: Not Supported

2024/08/23 (14:12:32) | ===> btop++ v.1.3.2
2024/08/23 (14:12:32) | WARNING: NVML: Failed to get maximum GPU power draw, defaulting to 225W: Not Supported
2024/08/23 (14:12:32) | WARNING: NVML: Failed to get GPU power usage: Not Supported

2024/08/23 (15:27:29) | ===> btop++ v.1.3.2
2024/08/23 (15:27:29) | WARNING: NVML: Failed to get maximum GPU power draw, defaulting to 225W: Not Supported
2024/08/23 (15:27:29) | WARNING: NVML: Failed to get GPU power usage: Not Supported

2024/08/23 (21:59:16) | ===> btop++ v.1.3.2
2024/08/23 (21:59:16) | WARNING: NVML: Failed to get maximum GPU power draw, defaulting to 225W: Not Supported
2024/08/23 (21:59:16) | WARNING: NVML: Failed to get GPU power usage: Not Supported

2024/08/24 (20:44:54) | ===> btop++ v.1.3.2
2024/08/24 (20:44:54) | WARNING: NVML: Failed to get maximum GPU power draw, defaulting to 225W: Not Supported
2024/08/24 (20:44:54) | WARNING: NVML: Failed to get GPU power usage: Not Supported

2024/08/26 (22:26:58) | ===> btop++ v.1.3.2
2024/08/26 (22:26:58) | WARNING: NVML: Failed to get maximum GPU power draw, defaulting to 225W: Not Supported
2024/08/26 (22:26:58) | WARNING: NVML: Failed to get GPU power usage: Not Supported
2024/08/26 (22:26:59) | ERROR: Couldn't determine terminal size of "STDOUT_FILENO"!
2024/08/26 (22:26:59) | ERROR: Couldn't determine terminal size of "/dev/tty"!

2024/08/26 (22:27:02) | ===> btop++ v.1.3.2
2024/08/26 (22:27:02) | WARNING: NVML: Failed to get maximum GPU power draw, defaulting to 225W: Not Supported
2024/08/26 (22:27:02) | WARNING: NVML: Failed to get GPU power usage: Not Supported

2024/08/26 (22:27:38) | ===> btop++ v.1.3.2
2024/08/26 (22:27:38) | WARNING: NVML: Failed to get maximum GPU power draw, defaulting to 225W: Not Supported
2024/08/26 (22:27:38) | WARNING: NVML: Failed to get GPU power usage: Not Supported

2024/08/26 (22:27:56) | ===> btop++ v.1.3.2
2024/08/26 (22:27:56) | WARNING: NVML: Failed to get maximum GPU power draw, defaulting to 225W: Not Supported
2024/08/26 (22:27:56) | WARNING: NVML: Failed to get GPU power usage: Not Supported

2024/08/26 (22:28:57) | ===> btop++ v.1.3.2
2024/08/26 (22:28:57) | WARNING: NVML: Failed to get maximum GPU power draw, defaulting to 225W: Not Supported
2024/08/26 (22:28:57) | WARNING: NVML: Failed to get GPU power usage: Not Supported

2024/08/26 (22:46:53) | ===> btop++ v.1.3.2
2024/08/26 (22:46:53) | WARNING: NVML: Failed to get maximum GPU power draw, defaulting to 225W: Not Supported
2024/08/26 (22:46:53) | WARNING: NVML: Failed to get GPU power usage: Not Supported

2024/08/30 (18:44:18) | ===> btop++ v.1.3.2
2024/08/30 (18:44:18) | WARNING: NVML: Failed to get maximum GPU power draw, defaulting to 225W: Not Supported
2024/08/30 (18:44:18) | WARNING: NVML: Failed to get GPU power usage: Not Supported

2024/09/03 (09:00:30) | ===> btop++ v.1.3.2
2024/09/03 (09:00:30) | WARNING: NVML: Failed to get maximum GPU power draw, defaulting to 225W: Not Supported
2024/09/03 (09:00:30) | WARNING: NVML: Failed to get GPU power usage: Not Supported
2024/09/03 (09:01:58) | ERROR: Stall in Runner thread, restarting!

2024/09/03 (15:32:06) | ===> btop++ v.1.3.2
2024/09/03 (15:32:06) | WARNING: NVML: Failed to get maximum GPU power draw, defaulting to 225W: Not Supported
2024/09/03 (15:32:06) | WARNING: NVML: Failed to get GPU power usage: Not Supported

2024/09/03 (15:32:38) | ===> btop++ v.1.3.2
2024/09/03 (15:32:38) | WARNING: NVML: Failed to get maximum GPU power draw, defaulting to 225W: Not Supported
2024/09/03 (15:32:38) | WARNING: NVML: Failed to get GPU power usage: Not Supported

2024/09/05 (15:19:03) | ===> btop++ v.1.3.2
2024/09/05 (15:19:03) | WARNING: NVML: Failed to get maximum GPU power draw, defaulting to 225W: Not Supported
2024/09/05 (15:19:03) | WARNING: NVML: Failed to get GPU power usage: Not Supported

2024/09/05 (22:39:31) | ===> btop++ v.1.3.2
2024/09/05 (22:39:31) | WARNING: NVML: Failed to get maximum GPU power draw, defaulting to 225W: Not Supported
2024/09/05 (22:39:31) | WARNING: NVML: Failed to get GPU power usage: Not Supported

2024/09/08 (12:10:17) | ===> btop++ v.1.3.2
2024/09/08 (12:10:17) | WARNING: NVML: Failed to get maximum GPU power draw, defaulting to 225W: Not Supported
2024/09/08 (12:10:17) | WARNING: NVML: Failed to get GPU power usage: Not Supported
2024/09/08 (12:13:23) | ERROR: Stall in Runner thread, restarting!
2024/09/08 (12:13:40) | ERROR: Stall in Runner thread, restarting!

2024/09/08 (14:01:52) | ===> btop++ v.1.3.2
2024/09/08 (14:01:52) | WARNING: NVML: Failed to get maximum GPU power draw, defaulting to 225W: Not Supported
2024/09/08 (14:01:52) | WARNING: NVML: Failed to get GPU power usage: Not Supported

2024/09/08 (14:55:02) | ===> btop++ v.1.3.2
2024/09/08 (14:55:02) | WARNING: NVML: Failed to get maximum GPU power draw, defaulting to 225W: Not Supported
2024/09/08 (14:55:02) | WARNING: NVML: Failed to get GPU power usage: Not Supported

2024/09/09 (06:09:21) | ===> btop++ v.1.3.2
2024/09/09 (06:09:21) | WARNING: NVML: Failed to get maximum GPU power draw, defaulting to 225W: Not Supported
2024/09/09 (06:09:21) | WARNING: NVML: Failed to get GPU power usage: Not Supported

2024/09/09 (06:19:47) | ===> btop++ v.1.3.2
2024/09/09 (06:19:47) | WARNING: NVML: Failed to get maximum GPU power draw, defaulting to 225W: Not Supported
2024/09/09 (06:19:47) | WARNING: NVML: Failed to get GPU power usage: Not Supported

2024/09/09 (12:03:45) | ===> btop++ v.1.3.2
2024/09/09 (12:03:45) | WARNING: NVML: Failed to get maximum GPU power draw, defaulting to 225W: Not Supported
2024/09/09 (12:03:45) | WARNING: NVML: Failed to get GPU power usage: Not Supported

2024/09/09 (12:46:17) | ===> btop++ v.1.3.2
2024/09/09 (12:46:17) | WARNING: NVML: Failed to get maximum GPU power draw, defaulting to 225W: Not Supported
2024/09/09 (12:46:17) | WARNING: NVML: Failed to get GPU power usage: Not Supported

2024/09/10 (08:03:25) | ===> btop++ v.1.3.2
2024/09/10 (08:03:25) | WARNING: NVML: Failed to get maximum GPU power draw, defaulting to 225W: Not Supported
2024/09/10 (08:03:25) | WARNING: NVML: Failed to get GPU power usage: Not Supported

2024/09/10 (08:18:22) | ===> btop++ v.1.3.2
2024/09/10 (08:18:22) | WARNING: NVML: Failed to get maximum GPU power draw, defaulting to 225W: Not Supported
2024/09/10 (08:18:22) | WARNING: NVML: Failed to get GPU power usage: Not Supported

2024/09/10 (08:24:31) | ===> btop++ v.1.3.2
2024/09/10 (08:24:31) | WARNING: NVML: Failed to get maximum GPU power draw, defaulting to 225W: Not Supported
2024/09/10 (08:24:31) | WARNING: NVML: Failed to get GPU power usage: Not Supported

2024/09/10 (11:47:09) | ===> btop++ v.1.3.2
2024/09/10 (11:47:09) | WARNING: NVML: Failed to get maximum GPU power draw, defaulting to 225W: Not Supported
2024/09/10 (11:47:09) | WARNING: NVML: Failed to get GPU power usage: Not Supported

2024/09/10 (12:00:54) | ===> btop++ v.1.3.2
2024/09/10 (12:00:54) | WARNING: NVML: Failed to get maximum GPU power draw, defaulting to 225W: Not Supported
2024/09/10 (12:00:54) | WARNING: NVML: Failed to get GPU power usage: Not Supported

2024/09/10 (12:41:18) | ===> btop++ v.1.3.2
2024/09/10 (12:41:18) | WARNING: NVML: Failed to get maximum GPU power draw, defaulting to 225W: Not Supported
2024/09/10 (12:41:18) | WARNING: NVML: Failed to get GPU power usage: Not Supported

2024/09/10 (15:05:50) | ===> btop++ v.1.3.2
2024/09/10 (15:05:50) | WARNING: NVML: Failed to get maximum GPU power draw, defaulting to 225W: Not Supported
2024/09/10 (15:05:50) | WARNING: NVML: Failed to get GPU power usage: Not Supported

2024/09/10 (15:07:14) | ===> btop++ v.1.3.2
2024/09/10 (15:07:14) | WARNING: NVML: Failed to get maximum GPU power draw, defaulting to 225W: Not Supported
2024/09/10 (15:07:14) | WARNING: NVML: Failed to get GPU power usage: Not Supported

2024/09/11 (10:55:30) | ===> btop++ v.1.3.2
2024/09/11 (10:55:30) | WARNING: NVML: Failed to get maximum GPU power draw, defaulting to 225W: Not Supported
2024/09/11 (10:55:30) | WARNING: NVML: Failed to get GPU power usage: Not Supported

2024/09/11 (11:15:59) | ===> btop++ v.1.3.2
2024/09/11 (11:15:59) | WARNING: NVML: Failed to get maximum GPU power draw, defaulting to 225W: Not Supported
2024/09/11 (11:15:59) | WARNING: NVML: Failed to get GPU power usage: Not Supported

2024/09/11 (11:42:34) | ===> btop++ v.1.3.2
2024/09/11 (11:42:34) | WARNING: NVML: Failed to get maximum GPU power draw, defaulting to 225W: Not Supported
2024/09/11 (11:42:34) | WARNING: NVML: Failed to get GPU power usage: Not Supported

2024/09/11 (12:03:33) | ===> btop++ v.1.3.2
2024/09/11 (12:03:33) | WARNING: NVML: Failed to get maximum GPU power draw, defaulting to 225W: Not Supported
2024/09/11 (12:03:33) | WARNING: NVML: Failed to get GPU power usage: Not Supported

2024/09/11 (12:38:42) | ===> btop++ v.1.3.2
2024/09/11 (12:38:42) | WARNING: NVML: Failed to get maximum GPU power draw, defaulting to 225W: Not Supported
2024/09/11 (12:38:42) | WARNING: NVML: Failed to get GPU power usage: Not Supported

2024/09/12 (08:19:25) | ===> btop++ v.1.3.2
2024/09/12 (08:19:25) | WARNING: NVML: Failed to get maximum GPU power draw, defaulting to 225W: Not Supported
2024/09/12 (08:19:25) | WARNING: NVML: Failed to get GPU power usage: Not Supported

2024/09/14 (10:58:09) | ===> btop++ v.1.3.2
2024/09/14 (10:58:09) | WARNING: NVML: Failed to get maximum GPU power draw, defaulting to 225W: Not Supported
2024/09/14 (10:58:09) | WARNING: NVML: Failed to get GPU power usage: Not Supported

2024/09/14 (16:44:58) | ===> btop++ v.1.3.2
2024/09/14 (16:44:58) | WARNING: NVML: Failed to get maximum GPU power draw, defaulting to 225W: Not Supported
2024/09/14 (16:44:58) | WARNING: NVML: Failed to get GPU power usage: Not Supported

2024/09/14 (17:31:03) | ===> btop++ v.1.3.2
2024/09/14 (17:31:03) | WARNING: NVML: Failed to get maximum GPU power draw, defaulting to 225W: Not Supported
2024/09/14 (17:31:03) | WARNING: NVML: Failed to get GPU power usage: Not Supported

2024/09/14 (21:59:52) | ===> btop++ v.1.3.2
2024/09/14 (21:59:52) | WARNING: NVML: Failed to get maximum GPU power draw, defaulting to 225W: Not Supported
2024/09/14 (21:59:52) | WARNING: NVML: Failed to get GPU power usage: Not Supported

2024/09/17 (07:59:23) | ===> btop++ v.1.3.2
2024/09/17 (07:59:23) | WARNING: NVML: Failed to get maximum GPU power draw, defaulting to 225W: Not Supported
2024/09/17 (07:59:23) | WARNING: NVML: Failed to get GPU power usage: Not Supported

2024/09/17 (18:58:47) | ===> btop++ v.1.3.2
2024/09/17 (18:58:47) | WARNING: NVML: Failed to get maximum GPU power draw, defaulting to 225W: Not Supported
2024/09/17 (18:58:47) | WARNING: NVML: Failed to get GPU power usage: Not Supported

2024/09/18 (15:06:43) | ===> btop++ v.1.3.2
2024/09/18 (15:06:43) | WARNING: NVML: Failed to get maximum GPU power draw, defaulting to 225W: Not Supported
2024/09/18 (15:06:43) | WARNING: NVML: Failed to get GPU power usage: Not Supported

2024/09/18 (15:07:12) | ===> btop++ v.1.3.2
2024/09/18 (15:07:12) | WARNING: NVML: Failed to get maximum GPU power draw, defaulting to 225W: Not Supported
2024/09/18 (15:07:12) | WARNING: NVML: Failed to get GPU power usage: Not Supported

2024/09/18 (15:07:23) | ===> btop++ v.1.3.2
2024/09/18 (15:07:23) | WARNING: NVML: Failed to get maximum GPU power draw, defaulting to 225W: Not Supported
2024/09/18 (15:07:23) | WARNING: NVML: Failed to get GPU power usage: Not Supported

2024/09/18 (15:07:47) | ===> btop++ v.1.3.2
2024/09/18 (15:07:47) | WARNING: NVML: Failed to get maximum GPU power draw, defaulting to 225W: Not Supported
2024/09/18 (15:07:47) | WARNING: NVML: Failed to get GPU power usage: Not Supported

2024/09/20 (10:44:25) | ===> btop++ v.1.3.2
2024/09/20 (10:44:25) | WARNING: NVML: Failed to get maximum GPU power draw, defaulting to 225W: Not Supported
2024/09/20 (10:44:25) | WARNING: NVML: Failed to get GPU power usage: Not Supported

2024/09/21 (19:09:44) | ===> btop++ v.1.3.2
2024/09/21 (19:09:44) | WARNING: NVML: Failed to get maximum GPU power draw, defaulting to 225W: Not Supported
2024/09/21 (19:09:44) | WARNING: NVML: Failed to get GPU power usage: Not Supported

2024/09/26 (16:14:28) | ===> btop++ v.1.4.0
2024/09/26 (16:14:28) | WARNING: NVML: Failed to get maximum GPU power draw, defaulting to 225W: Not Supported
2024/09/26 (16:14:28) | WARNING: NVML: Failed to get GPU power usage: Not Supported
2024/09/26 (16:14:28) | WARNING: Intel GPU: Failed to initialize PMU

2024/09/26 (16:15:09) | ===> btop++ v.1.4.0
2024/09/26 (16:15:09) | WARNING: NVML: Failed to get maximum GPU power draw, defaulting to 225W: Not Supported
2024/09/26 (16:15:09) | WARNING: NVML: Failed to get GPU power usage: Not Supported
2024/09/26 (16:15:09) | WARNING: Intel GPU: Failed to initialize PMU

2024/09/26 (17:23:50) | ===> btop++ v.1.4.0
2024/09/26 (17:23:50) | WARNING: NVML: Failed to get maximum GPU power draw, defaulting to 225W: Not Supported
2024/09/26 (17:23:50) | WARNING: NVML: Failed to get GPU power usage: Not Supported
2024/09/26 (17:23:50) | WARNING: Intel GPU: Failed to initialize PMU

2024/09/28 (18:20:42) | ===> btop++ v.1.4.0
2024/09/28 (18:20:42) | WARNING: Intel GPU: Failed to initialize PMU

2024/09/28 (18:39:11) | ===> btop++ v.1.4.0
2024/09/28 (18:39:11) | WARNING: Intel GPU: Failed to initialize PMU

2024/09/28 (18:49:46) | ===> btop++ v.1.4.0
2024/09/28 (18:49:46) | WARNING: Intel GPU: Failed to initialize PMU

2024/09/28 (18:50:23) | ===> btop++ v.1.4.0
2024/09/28 (18:50:23) | WARNING: Intel GPU: Failed to initialize PMU

2024/09/28 (18:52:48) | ===> btop++ v.1.4.0
2024/09/28 (18:52:48) | WARNING: Intel GPU: Failed to initialize PMU

2024/09/30 (14:55:11) | ===> btop++ v.1.4.0
2024/09/30 (14:55:11) | WARNING: Intel GPU: Failed to initialize PMU

2024/09/30 (14:59:50) | ===> btop++ v.1.4.0
2024/09/30 (14:59:50) | WARNING: Intel GPU: Failed to initialize PMU

2024/10/01 (08:45:11) | ===> btop++ v.1.4.0
2024/10/01 (08:45:11) | WARNING: Intel GPU: Failed to initialize PMU

2024/10/03 (09:41:50) | ===> btop++ v.1.4.0
2024/10/03 (09:41:50) | WARNING: Intel GPU: Failed to initialize PMU

2024/10/03 (09:45:03) | ===> btop++ v.1.4.0
2024/10/03 (09:45:03) | WARNING: Intel GPU: Failed to initialize PMU

2024/10/03 (10:17:16) | ===> btop++ v.1.4.0
2024/10/03 (10:17:16) | WARNING: NVML: Failed to get maximum GPU power draw, defaulting to 225W: Not Supported
2024/10/03 (10:17:16) | WARNING: NVML: Failed to get GPU power usage: Not Supported
2024/10/03 (10:17:16) | WARNING: Intel GPU: Failed to initialize PMU

2024/10/04 (05:06:33) | ===> btop++ v.1.4.0
2024/10/04 (05:06:33) | WARNING: NVML: Failed to get maximum GPU power draw, defaulting to 225W: Not Supported
2024/10/04 (05:06:33) | WARNING: NVML: Failed to get GPU power usage: Not Supported
2024/10/04 (05:06:33) | WARNING: Intel GPU: Failed to initialize PMU

2024/10/05 (20:16:33) | ===> btop++ v.1.4.0
2024/10/05 (20:16:33) | WARNING: NVML: Failed to get maximum GPU power draw, defaulting to 225W: Not Supported
2024/10/05 (20:16:33) | WARNING: NVML: Failed to get GPU power usage: Not Supported
2024/10/05 (20:16:33) | WARNING: Intel GPU: Failed to initialize PMU

2024/10/07 (14:27:57) | ===> btop++ v.1.4.0
2024/10/07 (14:27:57) | WARNING: NVML: Failed to get maximum GPU power draw, defaulting to 225W: Not Supported
2024/10/07 (14:27:57) | WARNING: NVML: Failed to get GPU power usage: Not Supported
2024/10/07 (14:27:57) | WARNING: Intel GPU: Failed to initialize PMU

2024/10/07 (14:41:25) | ===> btop++ v.1.4.0
2024/10/07 (14:41:25) | WARNING: NVML: Failed to get maximum GPU power draw, defaulting to 225W: Not Supported
2024/10/07 (14:41:25) | WARNING: NVML: Failed to get GPU power usage: Not Supported
2024/10/07 (14:41:25) | WARNING: Intel GPU: Failed to initialize PMU

2024/10/07 (14:48:43) | ===> btop++ v.1.4.0
2024/10/07 (14:48:43) | WARNING: NVML: Failed to get maximum GPU power draw, defaulting to 225W: Not Supported
2024/10/07 (14:48:43) | WARNING: NVML: Failed to get GPU power usage: Not Supported
2024/10/07 (14:48:43) | WARNING: Intel GPU: Failed to initialize PMU

2024/10/07 (14:50:07) | ===> btop++ v.1.4.0
2024/10/07 (14:50:07) | WARNING: NVML: Failed to get maximum GPU power draw, defaulting to 225W: Not Supported
2024/10/07 (14:50:07) | WARNING: NVML: Failed to get GPU power usage: Not Supported
2024/10/07 (14:50:07) | WARNING: Intel GPU: Failed to initialize PMU

2024/10/07 (15:01:40) | ===> btop++ v.1.4.0
2024/10/07 (15:01:40) | WARNING: NVML: Failed to get maximum GPU power draw, defaulting to 225W: Not Supported
2024/10/07 (15:01:40) | WARNING: NVML: Failed to get GPU power usage: Not Supported
2024/10/07 (15:01:40) | WARNING: Intel GPU: Failed to initialize PMU

2024/10/08 (10:56:21) | ===> btop++ v.1.4.0
2024/10/08 (10:56:21) | WARNING: NVML: Failed to get maximum GPU power draw, defaulting to 225W: Not Supported
2024/10/08 (10:56:21) | WARNING: NVML: Failed to get GPU power usage: Not Supported
2024/10/08 (10:56:21) | WARNING: Intel GPU: Failed to initialize PMU

2024/10/08 (22:58:24) | ===> btop++ v.1.4.0
2024/10/08 (22:58:24) | WARNING: NVML: Failed to get maximum GPU power draw, defaulting to 225W: Not Supported
2024/10/08 (22:58:24) | WARNING: NVML: Failed to get GPU power usage: Not Supported
2024/10/08 (22:58:24) | WARNING: Intel GPU: Failed to initialize PMU

2024/10/09 (08:44:14) | ===> btop++ v.1.4.0
2024/10/09 (08:44:14) | WARNING: NVML: Failed to get maximum GPU power draw, defaulting to 225W: Not Supported
2024/10/09 (08:44:14) | WARNING: NVML: Failed to get GPU power usage: Not Supported
2024/10/09 (08:44:14) | WARNING: Intel GPU: Failed to initialize PMU

2024/10/09 (10:19:33) | ===> btop++ v.1.4.0
2024/10/09 (10:19:33) | WARNING: NVML: Failed to get maximum GPU power draw, defaulting to 225W: Not Supported
2024/10/09 (10:19:33) | WARNING: NVML: Failed to get GPU power usage: Not Supported
2024/10/09 (10:19:33) | WARNING: Intel GPU: Failed to initialize PMU

2024/10/19 (15:46:20) | ===> btop++ v.1.4.0
2024/10/19 (15:46:20) | WARNING: NVML: Failed to get maximum GPU power draw, defaulting to 225W: Not Supported
2024/10/19 (15:46:20) | WARNING: NVML: Failed to get GPU power usage: Not Supported
2024/10/19 (15:46:20) | WARNING: Intel GPU: Failed to initialize PMU

2024/10/19 (21:22:57) | ===> btop++ v.1.4.0
2024/10/19 (21:22:57) | WARNING: NVML: Failed to get maximum GPU power draw, defaulting to 225W: Not Supported
2024/10/19 (21:22:57) | WARNING: NVML: Failed to get GPU power usage: Not Supported
2024/10/19 (21:22:57) | WARNING: Intel GPU: Failed to initialize PMU

2024/10/19 (21:51:15) | ===> btop++ v.1.4.0
2024/10/19 (21:51:15) | WARNING: NVML: Failed to get maximum GPU power draw, defaulting to 225W: Not Supported
2024/10/19 (21:51:15) | WARNING: NVML: Failed to get GPU power usage: Not Supported
2024/10/19 (21:51:15) | WARNING: Intel GPU: Failed to initialize PMU

2024/10/19 (22:00:04) | ===> btop++ v.1.4.0
2024/10/19 (22:00:04) | WARNING: NVML: Failed to get maximum GPU power draw, defaulting to 225W: Not Supported
2024/10/19 (22:00:04) | WARNING: NVML: Failed to get GPU power usage: Not Supported
2024/10/19 (22:00:04) | WARNING: Intel GPU: Failed to initialize PMU

2024/10/22 (08:42:53) | ===> btop++ v.1.4.0
2024/10/22 (08:42:53) | WARNING: NVML: Failed to get maximum GPU power draw, defaulting to 225W: Not Supported
2024/10/22 (08:42:53) | WARNING: NVML: Failed to get GPU power usage: Not Supported
2024/10/22 (08:42:53) | WARNING: Intel GPU: Failed to initialize PMU

2024/10/22 (16:41:38) | ===> btop++ v.1.4.0
2024/10/22 (16:41:38) | WARNING: NVML: Failed to get maximum GPU power draw, defaulting to 225W: Not Supported
2024/10/22 (16:41:38) | WARNING: NVML: Failed to get GPU power usage: Not Supported
2024/10/22 (16:41:38) | WARNING: Intel GPU: Failed to initialize PMU
